#
# A fatal error has been detected by the Java Runtime Environment:
#
#  EXCEPTION_ACCESS_VIOLATION (0xc0000005) at pc=0x00007ffd836880d9, pid=26924, tid=18220
#
# JRE version: Java(TM) SE Runtime Environment (21.0.1+12) (build 21.0.1+12-LTS-29)
# Java VM: Java HotSpot(TM) 64-Bit Server VM (21.0.1+12-LTS-29, mixed mode, sharing, tiered, compressed oops, compressed class ptrs, g1 gc, windows-amd64)
# Problematic frame:
# C  [ig9icd64.dll+0x3c80d9]
#
# No core dump will be written. Minidumps are not enabled by default on client versions of Windows
#
# If you would like to submit a bug report, please visit:
#   https://bugreport.java.com/bugreport/crash.jsp
# The crash happened outside the Java Virtual Machine in native code.
# See problematic frame for where to report the bug.
#

---------------  S U M M A R Y ------------

Command Line: -javaagent:C:\Program Files\JetBrains\IntelliJ IDEA Educational Edition 2022.2.2\lib\idea_rt.jar=57239:C:\Program Files\JetBrains\IntelliJ IDEA Educational Edition 2022.2.2\bin -Dfile.encoding=UTF-8 -Dsun.stdout.encoding=UTF-8 -Dsun.stderr.encoding=UTF-8 --module-path=C:\Users\DuongMXH\.m2\repository\org\openjfx\javafx-fxml\17.0.2\javafx-fxml-17.0.2-win.jar;C:\Users\DuongMXH\.m2\repository\org\lwjgl\lwjgl-opengl\3.3.3\lwjgl-opengl-3.3.3.jar;C:\Users\DuongMXH\.m2\repository\org\lwjgl\lwjgl-glfw\3.3.3\lwjgl-glfw-3.3.3.jar;C:\Users\DuongMXH\.m2\repository\org\openjfx\javafx-controls\17.0.2\javafx-controls-17.0.2-win.jar;C:\Users\DuongMXH\.m2\repository\org\openjfx\javafx-base\17.0.2\javafx-base-17.0.2-win.jar;C:\Users\DuongMXH\.m2\repository\org\lwjgl\lwjgl\3.3.3\lwjgl-3.3.3.jar;C:\Users\DuongMXH\Desktop\game\mygame\target\classes;C:\Users\DuongMXH\.m2\repository\org\openjfx\javafx-graphics\17.0.2\javafx-graphics-17.0.2-win.jar -Djdk.module.main=com.mygame com.mygame/com.mygame.HelloApplication

Host: Intel(R) Core(TM) i5-8400 CPU @ 2.80GHz, 6 cores, 7G,  Windows 10 , 64 bit Build 19041 (10.0.19041.3636)
Time: Tue Jan 16 16:24:32 2024 SE Asia Standard Time elapsed time: 1.480694 seconds (0d 0h 0m 1s)

---------------  T H R E A D  ---------------

Current thread (0x000002a323a4ee90):  JavaThread "JavaFX Application Thread"        [_thread_in_native, id=18220, stack(0x000000d94a500000,0x000000d94a600000) (1024K)]

Stack: [0x000000d94a500000,0x000000d94a600000],  sp=0x000000d94a5fe410,  free space=1017k
Native frames: (J=compiled Java code, j=interpreted, Vv=VM code, C=native code)
C  [ig9icd64.dll+0x3c80d9]

Java frames: (J=compiled Java code, j=interpreted, Vv=VM code)
J 1335  org.lwjgl.opengl.GL11C.glClear(I)V org.lwjgl.opengl@3.3.3+5 (0 bytes) @ 0x000002a316350619 [0x000002a3163505c0+0x0000000000000059]
J 1338 c2 org.lwjgl.opengl.GL11.glClear(I)V org.lwjgl.opengl@3.3.3+5 (5 bytes) @ 0x000002a316351040 [0x000002a316351020+0x0000000000000020]
j  com.mygame.duong.Window.loop()V+23 com.mygame
j  com.mygame.duong.Window.run()V+19 com.mygame
j  com.mygame.HelloApplication.start(Ljavafx/stage/Stage;)V+5 com.mygame
j  com.sun.javafx.application.LauncherImpl.lambda$launchApplication1$9(Ljava/util/concurrent/atomic/AtomicBoolean;Ljavafx/application/Application;)V+20 javafx.graphics
j  com.sun.javafx.application.LauncherImpl$$Lambda+0x000002a32508c898.run()V+8 javafx.graphics
j  com.sun.javafx.application.PlatformImpl.lambda$runAndWait$12(Ljava/lang/Runnable;Ljava/util/concurrent/CountDownLatch;)V+1 javafx.graphics
j  com.sun.javafx.application.PlatformImpl$$Lambda+0x000002a325086ec0.run()V+8 javafx.graphics
j  com.sun.javafx.application.PlatformImpl.lambda$runLater$10(Ljava/lang/Runnable;)Ljava/lang/Void;+1 javafx.graphics
j  com.sun.javafx.application.PlatformImpl$$Lambda+0x000002a325085230.run()Ljava/lang/Object;+4 javafx.graphics
j  java.security.AccessController.executePrivileged(Ljava/security/PrivilegedAction;Ljava/security/AccessControlContext;Ljava/lang/Class;)Ljava/lang/Object;+29 java.base@21.0.1
j  java.security.AccessController.doPrivileged(Ljava/security/PrivilegedAction;Ljava/security/AccessControlContext;)Ljava/lang/Object;+13 java.base@21.0.1
j  com.sun.javafx.application.PlatformImpl.lambda$runLater$11(Ljava/lang/Runnable;Ljava/security/AccessControlContext;)V+7 javafx.graphics
j  com.sun.javafx.application.PlatformImpl$$Lambda+0x000002a3250878b0.run()V+8 javafx.graphics
j  com.sun.glass.ui.InvokeLaterDispatcher$Future.run()V+4 javafx.graphics
v  ~StubRoutines::call_stub 0x000002a315d4100d
j  com.sun.glass.ui.win.WinApplication._runLoop(Ljava/lang/Runnable;)V+0 javafx.graphics
j  com.sun.glass.ui.win.WinApplication.lambda$runLoop$3(ILjava/lang/Runnable;)V+8 javafx.graphics
j  com.sun.glass.ui.win.WinApplication$$Lambda+0x000002a325033790.run()V+12 javafx.graphics
j  java.lang.Thread.runWith(Ljava/lang/Object;Ljava/lang/Runnable;)V+5 java.base@21.0.1
j  java.lang.Thread.run()V+19 java.base@21.0.1
v  ~StubRoutines::call_stub 0x000002a315d4100d

siginfo: EXCEPTION_ACCESS_VIOLATION (0xc0000005), writing address 0x000002a369cf0000


Registers:
RAX=0x00000000680b0000, RBX=0x0000000000000000, RCX=0x000002a369cf0000, RDX=0x000002a36d90d878
RSP=0x000000d94a5fe410, RBP=0x000000d94a5fe510, RSI=0x0000000000000000, RDI=0x000000d94a5fe648
R8 =0x000002a323bb7e00, R9 =0x0000000000000000, R10=0x000002a323bb7e00, R11=0x0000000000000780
R12=0x0000000000000000, R13=0x000000d94a5fe708, R14=0x000002a36d8d9480, R15=0x0000000000004000
RIP=0x00007ffd836880d9, EFLAGS=0x0000000000010206


Register to memory mapping:

RAX=0x00000000680b0000 is an unknown value
RBX=0x0 is null
RCX=0x000002a369cf0000 is an unknown value
RDX=0x000002a36d90d878 points into unknown readable memory: 0x000002a300000000 | 00 00 00 00 a3 02 00 00
RSP=0x000000d94a5fe410 is pointing into the stack for thread: 0x000002a323a4ee90
RBP=0x000000d94a5fe510 is pointing into the stack for thread: 0x000002a323a4ee90
RSI=0x0 is null
RDI=0x000000d94a5fe648 is pointing into the stack for thread: 0x000002a323a4ee90
R8 =0x000002a323bb7e00 points into unknown readable memory: 0x3400000100000000 | 00 00 00 00 01 00 00 34
R9 =0x0 is null
R10=0x000002a323bb7e00 points into unknown readable memory: 0x3400000100000000 | 00 00 00 00 01 00 00 34
R11=0x0000000000000780 is an unknown value
R12=0x0 is null
R13=0x000000d94a5fe708 is pointing into the stack for thread: 0x000002a323a4ee90
R14=0x000002a36d8d9480 points into unknown readable memory: 0x000002a36d884340 | 40 43 88 6d a3 02 00 00
R15=0x0000000000004000 is an unknown value

Top of Stack: (sp=0x000000d94a5fe410)
0x000000d94a5fe410:   000002a36db3b440 000000d94a5fe510
0x000000d94a5fe420:   3ff0000000000000 000002a323d1ece0
0x000000d94a5fe430:   000000d94a5fe5a0 00007ffd8a154c20
0x000000d94a5fe440:   0000000000000000 0000000000000000
0x000000d94a5fe450:   0000000000000000 0000000000000001
0x000000d94a5fe460:   0000000000000000 0000000000000000
0x000000d94a5fe470:   000002a323bb7e00 00007ffd8a155271
0x000000d94a5fe480:   0000000000000000 0000000000000000
0x000000d94a5fe490:   000000d94a5fe5a0 0000000000000000
0x000000d94a5fe4a0:   0000000000000000 000003f900000780
0x000000d94a5fe4b0:   000000d94a5fe4a0 000000d94a5fe4d0
0x000000d94a5fe4c0:   0000000000000000 0000000000000000
0x000000d94a5fe4d0:   000000003f800000 3f80000000000000
0x000000d94a5fe4e0:   0000000000000000 00007ffdc72fa5c3
0x000000d94a5fe4f0:   00009ad6e1ae9897 000002a323a4ee90
0x000000d94a5fe500:   b76c25747845117f 0000000000000000
0x000000d94a5fe510:   459176a500000001 00007ffdc7172eeb
0x000000d94a5fe520:   0000000000004000 000000d94a5fe708
0x000000d94a5fe530:   00000000000003f9 0000000000000000
0x000000d94a5fe540:   0000000000000000 000002a36d8d9480
0x000000d94a5fe550:   0000000000000780 00007ffd837dc16f
0x000000d94a5fe560:   0000000000000000 000002a3050f9000
0x000000d94a5fe570:   0000000000000001 000000d94a5fe6d0
0x000000d94a5fe580:   00007ffd00000000 000002a300000780
0x000000d94a5fe590:   00000000000003f9 00007ffd00000002
0x000000d94a5fe5a0:   000000d94a5fe5c0 000000d94a5fe607
0x000000d94a5fe5b0:   000000d94a5fc0f2 0000000000000000
0x000000d94a5fe5c0:   000000003f800000 3f80000000000000
0x000000d94a5fe5d0:   00009ad6e1ae99e7 000002a3657a7df0
0x000000d94a5fe5e0:   000002a323a4ee90 000000d94a5fe6c0
0x000000d94a5fe5f0:   0000000000000000 000002a36d90db70
0x000000d94a5fe600:   000002a3657a7df0 000000d94a5fe6d0 

Instructions: (pc=0x00007ffd836880d9)
0x00007ffd83687fd9:   84 08 00 00 01 00 00 00 48 8b cb e8 57 2c cc ff
0x00007ffd83687fe9:   49 8b d6 48 8b cb e8 8c 90 cc ff 48 8b 05 dd 5f
0x00007ffd83687ff9:   66 00 48 09 83 90 08 00 00 48 8b 05 d7 5f 66 00
0x00007ffd83688009:   48 09 83 98 08 00 00 b8 7f 00 00 00 48 8b 8b 88
0x00007ffd83688019:   08 00 00 33 f6 4c 8b 44 24 60 48 c7 81 88 27 00
0x00007ffd83688029:   00 ff ff ff ff c7 81 94 27 00 00 ff ff ff ff 66
0x00007ffd83688039:   89 81 a6 06 00 00 48 c7 81 f8 4c 00 00 ff ff ff
0x00007ffd83688049:   ff c7 81 04 4d 00 00 ff ff ff ff 66 89 81 16 2c
0x00007ffd83688059:   00 00 48 c7 81 68 72 00 00 ff ff ff ff c7 81 74
0x00007ffd83688069:   72 00 00 ff ff ff ff 66 89 81 86 51 00 00 48 c7
0x00007ffd83688079:   81 d8 97 00 00 ff ff ff ff c7 81 e4 97 00 00 ff
0x00007ffd83688089:   ff ff ff 66 89 81 f6 76 00 00 48 c7 81 48 bd 00
0x00007ffd83688099:   00 ff ff ff ff c7 81 54 bd 00 00 ff ff ff ff 66
0x00007ffd836880a9:   89 81 66 9c 00 00 89 b1 64 bd 00 00 eb 08 33 f6
0x00007ffd836880b9:   89 b3 84 08 00 00 49 8b 96 70 44 03 00 8b de 8b
0x00007ffd836880c9:   05 82 80 a4 00 89 5c 24 50 8b 4a 28 48 03 4a 18
0x00007ffd836880d9:   89 01 83 42 28 04 49 63 86 10 1b 00 00 48 89 45
0x00007ffd836880e9:   88 48 85 c0 0f 8e da 04 00 00 4c 89 ac 24 18 01
0x00007ffd836880f9:   00 00 4d 8d ae e0 5d 03 00 4c 89 bc 24 10 01 00
0x00007ffd83688109:   00 44 8b 7d 70 0f 29 b4 24 00 01 00 00 0f 57 f6
0x00007ffd83688119:   0f 29 bc 24 f0 00 00 00 0f 57 ff 48 89 bc 24 60
0x00007ffd83688129:   01 00 00 0f 1f 40 00 41 8b 4d 00 83 f9 ff 0f 84
0x00007ffd83688139:   4c 04 00 00 49 8b bc c8 b8 01 00 00 48 85 ff 0f
0x00007ffd83688149:   84 3b 04 00 00 8b 85 88 00 00 00 0f a3 c8 0f 83
0x00007ffd83688159:   2c 04 00 00 48 8b 05 5c 92 89 00 83 b8 9c 01 00
0x00007ffd83688169:   00 01 74 24 83 f9 0e 75 1f 48 8b 87 98 00 00 00
0x00007ffd83688179:   48 85 c0 74 13 83 78 08 01 77 0d 83 78 04 03 75
0x00007ffd83688189:   07 c6 87 d8 00 00 00 01 41 80 b8 8a 00 00 00 00
0x00007ffd83688199:   74 29 83 f9 04 74 05 83 f9 01 75 1f 48 8b 87 98
0x00007ffd836881a9:   00 00 00 48 85 c0 74 13 83 78 08 01 77 0d 83 78
0x00007ffd836881b9:   04 03 75 07 c6 87 d8 00 00 00 01 48 8b 8f 98 00
0x00007ffd836881c9:   00 00 44 8b c6 48 85 c9 0f 84 db 00 00 00 48 8b 


Stack slot to memory mapping:

stack at sp + 0 slots: 0x000002a36db3b440 points into unknown readable memory: 0x0000000200000001 | 01 00 00 00 02 00 00 00
stack at sp + 1 slots: 0x000000d94a5fe510 is pointing into the stack for thread: 0x000002a323a4ee90
stack at sp + 2 slots: 0x3ff0000000000000 is an unknown value
stack at sp + 3 slots: 0x000002a323d1ece0 points into unknown readable memory: 0xffffffffffffffff | ff ff ff ff ff ff ff ff
stack at sp + 4 slots: 0x000000d94a5fe5a0 is pointing into the stack for thread: 0x000002a323a4ee90
stack at sp + 5 slots: 0x00007ffd8a154c20 jvm.dll
stack at sp + 6 slots: 0x0 is null
stack at sp + 7 slots: 0x0 is null


Compiled method (n/a)    1630 1335     n 0       org.lwjgl.opengl.GL11C::glClear (native)
 total in heap  [0x000002a316350410,0x000002a3163507e0] = 976
 relocation     [0x000002a316350570,0x000002a3163505a8] = 56
 main code      [0x000002a3163505c0,0x000002a3163507d4] = 532
 stub code      [0x000002a3163507d4,0x000002a3163507d8] = 4
 oops           [0x000002a3163507d8,0x000002a3163507e0] = 8

[Constant Pool (empty)]

[MachCode]
[Entry Point]
  # {method} {0x000002a3657af290} 'glClear' '(I)V' in 'org/lwjgl/opengl/GL11C'
  # parm0:    rdx       = int
  #           [sp+0x70]  (sp of caller)
  0x000002a3163505c0: 448b 5208 | 49bb 0000 | 0024 a302 | 0000 4d03 | d349 3bc2 | 0f84 0600 

  0x000002a3163505d8: ;   {runtime_call ic_miss_stub}
  0x000002a3163505d8: 0000 e9a1 | e1a3 ff90 
[Verified Entry Point]
  0x000002a3163505e0: 8984 2400 | 80ff ff55 | 488b ec48 | 83ec 6090 | 4181 7f20 | 0100 0000 

  0x000002a3163505f8: ;   {runtime_call StubRoutines (final stubs)}
  0x000002a3163505f8: 7405 e861 | 47a2 ff4c 

  0x000002a316350600: ;   {oop(a 'java/lang/Class'{0x0000000089663100} = 'org/lwjgl/opengl/GL11C')}
  0x000002a316350600: 8bc2 49be | 0031 6689 | 0000 0000 | 4c89 7424 | 504c 8d74 | 2450 498b | d6c5 f877 

  0x000002a31635061c: ;   {internal_word}
  0x000002a31635061c: 49ba 1906 | 3516 a302 | 0000 4d89 | 97a0 0300 | 0049 89a7 | 9803 0000 

  0x000002a316350634: ;   {external_word}
  0x000002a316350634: 49ba c925 | b38a fd7f | 0000 4180 | 3a00 0f84 | 4a00 0000 

  0x000002a316350648: ;   {metadata({method} {0x000002a3657af290} 'glClear' '(I)V' in 'org/lwjgl/opengl/GL11C')}
  0x000002a316350648: 5241 5048 | ba88 f27a | 65a3 0200 | 0049 8bcf | 4883 ec20 | 40f6 c40f | 0f84 1900 | 0000 4883 
  0x000002a316350668: ;   {runtime_call}
  0x000002a316350668: ec08 48b8 | 30eb 638a | fd7f 0000 | ffd0 4883 | c408 e90c 

  0x000002a31635067c: ;   {runtime_call}
  0x000002a31635067c: 0000 0048 | b830 eb63 | 8afd 7f00 | 00ff d048 | 83c4 2041 | 585a 498d | 8fb8 0300 | 0041 c787 
  0x000002a31635069c: 4c04 0000 | 0400 0000 

  0x000002a3163506a4: ;   {runtime_call}
  0x000002a3163506a4: 48b8 90c5 | 4e8d fd7f | 0000 ffd0 | c5f8 7741 | c787 4c04 | 0000 0500 | 0000 f083 | 4424 c000 
  0x000002a3163506c4: 493b af50 | 0400 000f | 870e 0000 | 0041 83bf | 4804 0000 | 000f 8423 | 0000 00c5 | f877 498b 
  0x000002a3163506e4: cf4c 8be4 | 4883 ec20 | 4883 e4f0 

  0x000002a3163506f0: ;   {runtime_call}
  0x000002a3163506f0: 48b8 c0be | 2f8a fd7f | 0000 ffd0 | 498b e44d | 33e4 41c7 | 874c 0400 | 0008 0000 | 0041 83bf 
  0x000002a316350710: c804 0000 | 020f 8494 

  0x000002a316350718: ;   {external_word}
  0x000002a316350718: 0000 0049 | bac9 25b3 | 8afd 7f00 | 0041 803a | 000f 8444 

  0x000002a31635072c: ;   {metadata({method} {0x000002a3657af290} 'glClear' '(I)V' in 'org/lwjgl/opengl/GL11C')}
  0x000002a31635072c: 0000 0048 | ba88 f27a | 65a3 0200 | 0049 8bcf | 4883 ec20 | 40f6 c40f | 0f84 1900 | 0000 4883 
  0x000002a31635074c: ;   {runtime_call}
  0x000002a31635074c: ec08 48b8 | 30eb 638a | fd7f 0000 | ffd0 4883 | c408 e90c 

  0x000002a316350760: ;   {runtime_call}
  0x000002a316350760: 0000 0048 | b830 eb63 | 8afd 7f00 | 00ff d048 | 83c4 2049 | c787 9803 | 0000 0000 | 0000 49c7 
  0x000002a316350780: 87a0 0300 | 0000 0000 | 00c5 f877 | 498b 8f28 | 0400 00c7 | 8100 0100 | 0000 0000 | 00c9 4983 
  0x000002a3163507a0: 7f08 000f | 8501 0000 

  0x000002a3163507a8: ;   {runtime_call StubRoutines (initial stubs)}
  0x000002a3163507a8: 00c3 e951 | 079f ffc5 | f877 4c8b | e448 83ec | 2048 83e4 

  0x000002a3163507bc: ;   {runtime_call}
  0x000002a3163507bc: f048 b860 | 2364 8afd | 7f00 00ff | d049 8be4 | 4d33 e4e9 | 47ff ffff 
[Stub Code]
  0x000002a3163507d4: f4f4 f4f4 
[/MachCode]


Compiled method (c2)    1636 1338       4       org.lwjgl.opengl.GL11::glClear (5 bytes)
 total in heap  [0x000002a316350e90,0x000002a316351120] = 656
 relocation     [0x000002a316350ff0,0x000002a316351010] = 32
 main code      [0x000002a316351020,0x000002a316351088] = 104
 stub code      [0x000002a316351088,0x000002a3163510b0] = 40
 oops           [0x000002a3163510b0,0x000002a3163510b8] = 8
 metadata       [0x000002a3163510b8,0x000002a3163510c0] = 8
 scopes data    [0x000002a3163510c0,0x000002a3163510d0] = 16
 scopes pcs     [0x000002a3163510d0,0x000002a316351100] = 48
 dependencies   [0x000002a316351100,0x000002a316351108] = 8
 handler table  [0x000002a316351108,0x000002a316351120] = 24

[Constant Pool (empty)]

[MachCode]
[Verified Entry Point]
  # {method} {0x000002a36575ea70} 'glClear' '(I)V' in 'org/lwjgl/opengl/GL11'
  # parm0:    rdx       = int
  #           [sp+0x20]  (sp of caller)
  0x000002a316351020: 8984 2400 | 80ff ff55 | 4883 ec10 | 4181 7f20 | 0100 0000 | 0f85 4400 

  0x000002a316351038: ;   {static_call}
  0x000002a316351038: 0000 90e8 

  0x000002a31635103c: ; ImmutableOopMap {}
                      ;*invokestatic glClear {reexecute=0 rethrow=0 return_oop=0}
                      ; - org.lwjgl.opengl.GL11::glClear@1 (line 992)
  0x000002a31635103c: a0f5 ffff 

  0x000002a316351040: ;   {other}
  0x000002a316351040: 0f1f 8400 | b001 0000 | 4883 c410 

  0x000002a31635104c: ;   {poll_return}
  0x000002a31635104c: 5d49 3ba7 | 5004 0000 | 0f87 0e00 | 0000 c348 | 8bd0 4883 

  0x000002a316351060: ;   {runtime_call _rethrow_Java}
  0x000002a316351060: c410 5de9 | 1835 b1ff 

  0x000002a316351068: ;   {internal_word}
  0x000002a316351068: 49ba 4d10 | 3516 a302 | 0000 4d89 | 9768 0400 

  0x000002a316351078: ;   {runtime_call SafepointBlob}
  0x000002a316351078: 00e9 8246 

  0x000002a31635107c: ;   {runtime_call StubRoutines (final stubs)}
  0x000002a31635107c: a4ff e8dd | 3ca2 ffe9 | b2ff ffff 
[Stub Code]
  0x000002a316351088: ;   {no_reloc}
  0x000002a316351088: 48bb 0000 | 0000 0000 

  0x000002a316351090: ;   {runtime_call}
  0x000002a316351090: 0000 e9fb 

  0x000002a316351094: ;   {runtime_call ExceptionBlob}
  0x000002a316351094: ffff ffe9 | e48d b0ff 
[Deopt Handler Code]
  0x000002a31635109c: e800 0000 | 0048 832c 

  0x000002a3163510a4: ;   {runtime_call DeoptimizationBlob}
  0x000002a3163510a4: 2405 e9f5 | 38a4 fff4 | f4f4 f4f4 
[/MachCode]


---------------  P R O C E S S  ---------------

Threads class SMR info:
_java_thread_list=0x000002a323db80b0, length=17, elements={
0x000002a304a317b0, 0x000002a32302f6b0, 0x000002a323031480, 0x000002a323034790,
0x000002a3230351f0, 0x000002a3230363f0, 0x000002a323038e60, 0x000002a32303e600,
0x000002a323044cd0, 0x000002a322ff8c70, 0x000002a3234812c0, 0x000002a3236585c0,
0x000002a3239943c0, 0x000002a323a2d5d0, 0x000002a323a4ee90, 0x000002a3239cb9e0,
0x000002a323c452a0
}

Java Threads: ( => current thread )
  0x000002a304a317b0 JavaThread "main"                              [_thread_blocked, id=19824, stack(0x000000d948f00000,0x000000d949000000) (1024K)]
  0x000002a32302f6b0 JavaThread "Reference Handler"          daemon [_thread_blocked, id=24484, stack(0x000000d949700000,0x000000d949800000) (1024K)]
  0x000002a323031480 JavaThread "Finalizer"                  daemon [_thread_blocked, id=3492, stack(0x000000d949800000,0x000000d949900000) (1024K)]
  0x000002a323034790 JavaThread "Signal Dispatcher"          daemon [_thread_blocked, id=7312, stack(0x000000d949900000,0x000000d949a00000) (1024K)]
  0x000002a3230351f0 JavaThread "Attach Listener"            daemon [_thread_blocked, id=20656, stack(0x000000d949a00000,0x000000d949b00000) (1024K)]
  0x000002a3230363f0 JavaThread "Service Thread"             daemon [_thread_blocked, id=8524, stack(0x000000d949b00000,0x000000d949c00000) (1024K)]
  0x000002a323038e60 JavaThread "Monitor Deflation Thread"   daemon [_thread_blocked, id=19460, stack(0x000000d949c00000,0x000000d949d00000) (1024K)]
  0x000002a32303e600 JavaThread "C2 CompilerThread0"         daemon [_thread_blocked, id=14340, stack(0x000000d949d00000,0x000000d949e00000) (1024K)]
  0x000002a323044cd0 JavaThread "C1 CompilerThread0"         daemon [_thread_blocked, id=8228, stack(0x000000d949e00000,0x000000d949f00000) (1024K)]
  0x000002a322ff8c70 JavaThread "Common-Cleaner"             daemon [_thread_blocked, id=18864, stack(0x000000d949f00000,0x000000d94a000000) (1024K)]
  0x000002a3234812c0 JavaThread "Monitor Ctrl-Break"         daemon [_thread_in_native, id=20052, stack(0x000000d94a100000,0x000000d94a200000) (1024K)]
  0x000002a3236585c0 JavaThread "Notification Thread"        daemon [_thread_blocked, id=23952, stack(0x000000d94a200000,0x000000d94a300000) (1024K)]
  0x000002a3239943c0 JavaThread "QuantumRenderer-0"          daemon [_thread_blocked, id=12008, stack(0x000000d94a300000,0x000000d94a400000) (1024K)]
  0x000002a323a2d5d0 JavaThread "InvokeLaterDispatcher"      daemon [_thread_blocked, id=1908, stack(0x000000d94a400000,0x000000d94a500000) (1024K)]
=>0x000002a323a4ee90 JavaThread "JavaFX Application Thread"         [_thread_in_native, id=18220, stack(0x000000d94a500000,0x000000d94a600000) (1024K)]
  0x000002a3239cb9e0 JavaThread "Thread-1"                   daemon [_thread_in_native, id=21956, stack(0x000000d94a900000,0x000000d94aa00000) (1024K)]
  0x000002a323c452a0 JavaThread "JavaFX-Launcher"                   [_thread_blocked, id=20372, stack(0x000000d94af00000,0x000000d94b000000) (1024K)]
Total: 17

Other Threads:
  0x000002a32300d790 VMThread "VM Thread"                           [id=4492, stack(0x000000d949600000,0x000000d949700000) (1024K)]
  0x000002a322ff7d30 WatcherThread "VM Periodic Task Thread"        [id=488, stack(0x000000d949500000,0x000000d949600000) (1024K)]
  0x000002a304c2d180 WorkerThread "GC Thread#0"                     [id=18696, stack(0x000000d949000000,0x000000d949100000) (1024K)]
  0x000002a323bfa2c0 WorkerThread "GC Thread#1"                     [id=17124, stack(0x000000d94aa00000,0x000000d94ab00000) (1024K)]
  0x000002a323bfa660 WorkerThread "GC Thread#2"                     [id=24120, stack(0x000000d94ab00000,0x000000d94ac00000) (1024K)]
  0x000002a323c4aad0 WorkerThread "GC Thread#3"                     [id=21116, stack(0x000000d94ac00000,0x000000d94ad00000) (1024K)]
  0x000002a323c49250 WorkerThread "GC Thread#4"                     [id=18844, stack(0x000000d94ad00000,0x000000d94ae00000) (1024K)]
  0x000002a323c020e0 WorkerThread "GC Thread#5"                     [id=21936, stack(0x000000d94ae00000,0x000000d94af00000) (1024K)]
  0x000002a304c3ec40 ConcurrentGCThread "G1 Main Marker"            [id=12832, stack(0x000000d949100000,0x000000d949200000) (1024K)]
  0x000002a304c40810 WorkerThread "G1 Conc#0"                       [id=4436, stack(0x000000d949200000,0x000000d949300000) (1024K)]
  0x000002a304ca7930 ConcurrentGCThread "G1 Refine#0"               [id=12348, stack(0x000000d949300000,0x000000d949400000) (1024K)]
  0x000002a322ed14a0 ConcurrentGCThread "G1 Service"                [id=21276, stack(0x000000d949400000,0x000000d949500000) (1024K)]
Total: 12

Threads with active compile tasks:
Total: 0

VM state: not at safepoint (normal execution)

VM Mutex/Monitor currently owned by a thread: None

Heap address: 0x0000000082200000, size: 2014 MB, Compressed Oops mode: 32-bit

CDS archive(s) mapped at: [0x000002a324000000-0x000002a324c90000-0x000002a324c90000), size 13172736, SharedBaseAddress: 0x000002a324000000, ArchiveRelocationMode: 1.
Compressed class space mapped at: 0x000002a325000000-0x000002a365000000, reserved size: 1073741824
Narrow klass base: 0x000002a324000000, Narrow klass shift: 0, Narrow klass range: 0x100000000

GC Precious Log:
 CardTable entry size: 512
 Card Set container configuration: InlinePtr #cards 5 size 8 Array Of Cards #cards 12 size 40 Howl #buckets 4 coarsen threshold 1843 Howl Bitmap #cards 512 size 80 coarsen threshold 460 Card regions per heap region 1 cards per card region 2048
 CPUs: 6 total, 6 available
 Memory: 8053M
 Large Page Support: Disabled
 NUMA Support: Disabled
 Compressed Oops: Enabled (32-bit)
 Heap Region Size: 1M
 Heap Min Capacity: 8M
 Heap Initial Capacity: 126M
 Heap Max Capacity: 2014M
 Pre-touch: Disabled
 Parallel Workers: 6
 Concurrent Workers: 2
 Concurrent Refinement Workers: 6
 Periodic GC: Disabled

Heap:
 garbage-first heap   total 129024K, used 12143K [0x0000000082200000, 0x0000000100000000)
  region size 1024K, 13 young (13312K), 3 survivors (3072K)
 Metaspace       used 7524K, committed 7744K, reserved 1114112K
  class space    used 719K, committed 832K, reserved 1048576K

Heap Regions: E=young(eden), S=young(survivor), O=old, HS=humongous(starts), HC=humongous(continues), CS=collection set, F=free, TAMS=top-at-mark-start, PB=parsable bottom
|   0|0x0000000082200000, 0x0000000082200000, 0x0000000082300000|  0%| F|  |TAMS 0x0000000082200000| PB 0x0000000082200000| Untracked 
|   1|0x0000000082300000, 0x0000000082300000, 0x0000000082400000|  0%| F|  |TAMS 0x0000000082300000| PB 0x0000000082300000| Untracked 
|   2|0x0000000082400000, 0x0000000082400000, 0x0000000082500000|  0%| F|  |TAMS 0x0000000082400000| PB 0x0000000082400000| Untracked 
|   3|0x0000000082500000, 0x0000000082500000, 0x0000000082600000|  0%| F|  |TAMS 0x0000000082500000| PB 0x0000000082500000| Untracked 
|   4|0x0000000082600000, 0x0000000082600000, 0x0000000082700000|  0%| F|  |TAMS 0x0000000082600000| PB 0x0000000082600000| Untracked 
|   5|0x0000000082700000, 0x0000000082700000, 0x0000000082800000|  0%| F|  |TAMS 0x0000000082700000| PB 0x0000000082700000| Untracked 
|   6|0x0000000082800000, 0x0000000082800000, 0x0000000082900000|  0%| F|  |TAMS 0x0000000082800000| PB 0x0000000082800000| Untracked 
|   7|0x0000000082900000, 0x0000000082900000, 0x0000000082a00000|  0%| F|  |TAMS 0x0000000082900000| PB 0x0000000082900000| Untracked 
|   8|0x0000000082a00000, 0x0000000082a00000, 0x0000000082b00000|  0%| F|  |TAMS 0x0000000082a00000| PB 0x0000000082a00000| Untracked 
|   9|0x0000000082b00000, 0x0000000082b00000, 0x0000000082c00000|  0%| F|  |TAMS 0x0000000082b00000| PB 0x0000000082b00000| Untracked 
|  10|0x0000000082c00000, 0x0000000082c00000, 0x0000000082d00000|  0%| F|  |TAMS 0x0000000082c00000| PB 0x0000000082c00000| Untracked 
|  11|0x0000000082d00000, 0x0000000082d00000, 0x0000000082e00000|  0%| F|  |TAMS 0x0000000082d00000| PB 0x0000000082d00000| Untracked 
|  12|0x0000000082e00000, 0x0000000082e00000, 0x0000000082f00000|  0%| F|  |TAMS 0x0000000082e00000| PB 0x0000000082e00000| Untracked 
|  13|0x0000000082f00000, 0x0000000082f00000, 0x0000000083000000|  0%| F|  |TAMS 0x0000000082f00000| PB 0x0000000082f00000| Untracked 
|  14|0x0000000083000000, 0x0000000083000000, 0x0000000083100000|  0%| F|  |TAMS 0x0000000083000000| PB 0x0000000083000000| Untracked 
|  15|0x0000000083100000, 0x0000000083100000, 0x0000000083200000|  0%| F|  |TAMS 0x0000000083100000| PB 0x0000000083100000| Untracked 
|  16|0x0000000083200000, 0x0000000083200000, 0x0000000083300000|  0%| F|  |TAMS 0x0000000083200000| PB 0x0000000083200000| Untracked 
|  17|0x0000000083300000, 0x0000000083300000, 0x0000000083400000|  0%| F|  |TAMS 0x0000000083300000| PB 0x0000000083300000| Untracked 
|  18|0x0000000083400000, 0x0000000083400000, 0x0000000083500000|  0%| F|  |TAMS 0x0000000083400000| PB 0x0000000083400000| Untracked 
|  19|0x0000000083500000, 0x0000000083500000, 0x0000000083600000|  0%| F|  |TAMS 0x0000000083500000| PB 0x0000000083500000| Untracked 
|  20|0x0000000083600000, 0x0000000083600000, 0x0000000083700000|  0%| F|  |TAMS 0x0000000083600000| PB 0x0000000083600000| Untracked 
|  21|0x0000000083700000, 0x0000000083700000, 0x0000000083800000|  0%| F|  |TAMS 0x0000000083700000| PB 0x0000000083700000| Untracked 
|  22|0x0000000083800000, 0x0000000083800000, 0x0000000083900000|  0%| F|  |TAMS 0x0000000083800000| PB 0x0000000083800000| Untracked 
|  23|0x0000000083900000, 0x0000000083900000, 0x0000000083a00000|  0%| F|  |TAMS 0x0000000083900000| PB 0x0000000083900000| Untracked 
|  24|0x0000000083a00000, 0x0000000083a00000, 0x0000000083b00000|  0%| F|  |TAMS 0x0000000083a00000| PB 0x0000000083a00000| Untracked 
|  25|0x0000000083b00000, 0x0000000083b00000, 0x0000000083c00000|  0%| F|  |TAMS 0x0000000083b00000| PB 0x0000000083b00000| Untracked 
|  26|0x0000000083c00000, 0x0000000083c00000, 0x0000000083d00000|  0%| F|  |TAMS 0x0000000083c00000| PB 0x0000000083c00000| Untracked 
|  27|0x0000000083d00000, 0x0000000083d00000, 0x0000000083e00000|  0%| F|  |TAMS 0x0000000083d00000| PB 0x0000000083d00000| Untracked 
|  28|0x0000000083e00000, 0x0000000083e00000, 0x0000000083f00000|  0%| F|  |TAMS 0x0000000083e00000| PB 0x0000000083e00000| Untracked 
|  29|0x0000000083f00000, 0x0000000083f00000, 0x0000000084000000|  0%| F|  |TAMS 0x0000000083f00000| PB 0x0000000083f00000| Untracked 
|  30|0x0000000084000000, 0x0000000084000000, 0x0000000084100000|  0%| F|  |TAMS 0x0000000084000000| PB 0x0000000084000000| Untracked 
|  31|0x0000000084100000, 0x0000000084100000, 0x0000000084200000|  0%| F|  |TAMS 0x0000000084100000| PB 0x0000000084100000| Untracked 
|  32|0x0000000084200000, 0x0000000084200000, 0x0000000084300000|  0%| F|  |TAMS 0x0000000084200000| PB 0x0000000084200000| Untracked 
|  33|0x0000000084300000, 0x0000000084300000, 0x0000000084400000|  0%| F|  |TAMS 0x0000000084300000| PB 0x0000000084300000| Untracked 
|  34|0x0000000084400000, 0x0000000084400000, 0x0000000084500000|  0%| F|  |TAMS 0x0000000084400000| PB 0x0000000084400000| Untracked 
|  35|0x0000000084500000, 0x0000000084500000, 0x0000000084600000|  0%| F|  |TAMS 0x0000000084500000| PB 0x0000000084500000| Untracked 
|  36|0x0000000084600000, 0x0000000084600000, 0x0000000084700000|  0%| F|  |TAMS 0x0000000084600000| PB 0x0000000084600000| Untracked 
|  37|0x0000000084700000, 0x0000000084700000, 0x0000000084800000|  0%| F|  |TAMS 0x0000000084700000| PB 0x0000000084700000| Untracked 
|  38|0x0000000084800000, 0x0000000084800000, 0x0000000084900000|  0%| F|  |TAMS 0x0000000084800000| PB 0x0000000084800000| Untracked 
|  39|0x0000000084900000, 0x0000000084900000, 0x0000000084a00000|  0%| F|  |TAMS 0x0000000084900000| PB 0x0000000084900000| Untracked 
|  40|0x0000000084a00000, 0x0000000084a00000, 0x0000000084b00000|  0%| F|  |TAMS 0x0000000084a00000| PB 0x0000000084a00000| Untracked 
|  41|0x0000000084b00000, 0x0000000084b00000, 0x0000000084c00000|  0%| F|  |TAMS 0x0000000084b00000| PB 0x0000000084b00000| Untracked 
|  42|0x0000000084c00000, 0x0000000084c00000, 0x0000000084d00000|  0%| F|  |TAMS 0x0000000084c00000| PB 0x0000000084c00000| Untracked 
|  43|0x0000000084d00000, 0x0000000084d00000, 0x0000000084e00000|  0%| F|  |TAMS 0x0000000084d00000| PB 0x0000000084d00000| Untracked 
|  44|0x0000000084e00000, 0x0000000084e00000, 0x0000000084f00000|  0%| F|  |TAMS 0x0000000084e00000| PB 0x0000000084e00000| Untracked 
|  45|0x0000000084f00000, 0x0000000084f00000, 0x0000000085000000|  0%| F|  |TAMS 0x0000000084f00000| PB 0x0000000084f00000| Untracked 
|  46|0x0000000085000000, 0x0000000085000000, 0x0000000085100000|  0%| F|  |TAMS 0x0000000085000000| PB 0x0000000085000000| Untracked 
|  47|0x0000000085100000, 0x0000000085100000, 0x0000000085200000|  0%| F|  |TAMS 0x0000000085100000| PB 0x0000000085100000| Untracked 
|  48|0x0000000085200000, 0x0000000085200000, 0x0000000085300000|  0%| F|  |TAMS 0x0000000085200000| PB 0x0000000085200000| Untracked 
|  49|0x0000000085300000, 0x0000000085300000, 0x0000000085400000|  0%| F|  |TAMS 0x0000000085300000| PB 0x0000000085300000| Untracked 
|  50|0x0000000085400000, 0x0000000085400000, 0x0000000085500000|  0%| F|  |TAMS 0x0000000085400000| PB 0x0000000085400000| Untracked 
|  51|0x0000000085500000, 0x0000000085500000, 0x0000000085600000|  0%| F|  |TAMS 0x0000000085500000| PB 0x0000000085500000| Untracked 
|  52|0x0000000085600000, 0x0000000085600000, 0x0000000085700000|  0%| F|  |TAMS 0x0000000085600000| PB 0x0000000085600000| Untracked 
|  53|0x0000000085700000, 0x0000000085700000, 0x0000000085800000|  0%| F|  |TAMS 0x0000000085700000| PB 0x0000000085700000| Untracked 
|  54|0x0000000085800000, 0x0000000085800000, 0x0000000085900000|  0%| F|  |TAMS 0x0000000085800000| PB 0x0000000085800000| Untracked 
|  55|0x0000000085900000, 0x0000000085900000, 0x0000000085a00000|  0%| F|  |TAMS 0x0000000085900000| PB 0x0000000085900000| Untracked 
|  56|0x0000000085a00000, 0x0000000085a00000, 0x0000000085b00000|  0%| F|  |TAMS 0x0000000085a00000| PB 0x0000000085a00000| Untracked 
|  57|0x0000000085b00000, 0x0000000085b00000, 0x0000000085c00000|  0%| F|  |TAMS 0x0000000085b00000| PB 0x0000000085b00000| Untracked 
|  58|0x0000000085c00000, 0x0000000085c00000, 0x0000000085d00000|  0%| F|  |TAMS 0x0000000085c00000| PB 0x0000000085c00000| Untracked 
|  59|0x0000000085d00000, 0x0000000085d00000, 0x0000000085e00000|  0%| F|  |TAMS 0x0000000085d00000| PB 0x0000000085d00000| Untracked 
|  60|0x0000000085e00000, 0x0000000085e00000, 0x0000000085f00000|  0%| F|  |TAMS 0x0000000085e00000| PB 0x0000000085e00000| Untracked 
|  61|0x0000000085f00000, 0x0000000085f00000, 0x0000000086000000|  0%| F|  |TAMS 0x0000000085f00000| PB 0x0000000085f00000| Untracked 
|  62|0x0000000086000000, 0x0000000086000000, 0x0000000086100000|  0%| F|  |TAMS 0x0000000086000000| PB 0x0000000086000000| Untracked 
|  63|0x0000000086100000, 0x0000000086100000, 0x0000000086200000|  0%| F|  |TAMS 0x0000000086100000| PB 0x0000000086100000| Untracked 
|  64|0x0000000086200000, 0x0000000086200000, 0x0000000086300000|  0%| F|  |TAMS 0x0000000086200000| PB 0x0000000086200000| Untracked 
|  65|0x0000000086300000, 0x0000000086300000, 0x0000000086400000|  0%| F|  |TAMS 0x0000000086300000| PB 0x0000000086300000| Untracked 
|  66|0x0000000086400000, 0x0000000086400000, 0x0000000086500000|  0%| F|  |TAMS 0x0000000086400000| PB 0x0000000086400000| Untracked 
|  67|0x0000000086500000, 0x0000000086500000, 0x0000000086600000|  0%| F|  |TAMS 0x0000000086500000| PB 0x0000000086500000| Untracked 
|  68|0x0000000086600000, 0x0000000086600000, 0x0000000086700000|  0%| F|  |TAMS 0x0000000086600000| PB 0x0000000086600000| Untracked 
|  69|0x0000000086700000, 0x0000000086700000, 0x0000000086800000|  0%| F|  |TAMS 0x0000000086700000| PB 0x0000000086700000| Untracked 
|  70|0x0000000086800000, 0x0000000086800000, 0x0000000086900000|  0%| F|  |TAMS 0x0000000086800000| PB 0x0000000086800000| Untracked 
|  71|0x0000000086900000, 0x0000000086900000, 0x0000000086a00000|  0%| F|  |TAMS 0x0000000086900000| PB 0x0000000086900000| Untracked 
|  72|0x0000000086a00000, 0x0000000086a00000, 0x0000000086b00000|  0%| F|  |TAMS 0x0000000086a00000| PB 0x0000000086a00000| Untracked 
|  73|0x0000000086b00000, 0x0000000086b00000, 0x0000000086c00000|  0%| F|  |TAMS 0x0000000086b00000| PB 0x0000000086b00000| Untracked 
|  74|0x0000000086c00000, 0x0000000086c00000, 0x0000000086d00000|  0%| F|  |TAMS 0x0000000086c00000| PB 0x0000000086c00000| Untracked 
|  75|0x0000000086d00000, 0x0000000086d00000, 0x0000000086e00000|  0%| F|  |TAMS 0x0000000086d00000| PB 0x0000000086d00000| Untracked 
|  76|0x0000000086e00000, 0x0000000086e00000, 0x0000000086f00000|  0%| F|  |TAMS 0x0000000086e00000| PB 0x0000000086e00000| Untracked 
|  77|0x0000000086f00000, 0x0000000086f00000, 0x0000000087000000|  0%| F|  |TAMS 0x0000000086f00000| PB 0x0000000086f00000| Untracked 
|  78|0x0000000087000000, 0x0000000087000000, 0x0000000087100000|  0%| F|  |TAMS 0x0000000087000000| PB 0x0000000087000000| Untracked 
|  79|0x0000000087100000, 0x0000000087100000, 0x0000000087200000|  0%| F|  |TAMS 0x0000000087100000| PB 0x0000000087100000| Untracked 
|  80|0x0000000087200000, 0x0000000087200000, 0x0000000087300000|  0%| F|  |TAMS 0x0000000087200000| PB 0x0000000087200000| Untracked 
|  81|0x0000000087300000, 0x0000000087300000, 0x0000000087400000|  0%| F|  |TAMS 0x0000000087300000| PB 0x0000000087300000| Untracked 
|  82|0x0000000087400000, 0x0000000087400000, 0x0000000087500000|  0%| F|  |TAMS 0x0000000087400000| PB 0x0000000087400000| Untracked 
|  83|0x0000000087500000, 0x0000000087500000, 0x0000000087600000|  0%| F|  |TAMS 0x0000000087500000| PB 0x0000000087500000| Untracked 
|  84|0x0000000087600000, 0x0000000087600000, 0x0000000087700000|  0%| F|  |TAMS 0x0000000087600000| PB 0x0000000087600000| Untracked 
|  85|0x0000000087700000, 0x0000000087700000, 0x0000000087800000|  0%| F|  |TAMS 0x0000000087700000| PB 0x0000000087700000| Untracked 
|  86|0x0000000087800000, 0x0000000087800000, 0x0000000087900000|  0%| F|  |TAMS 0x0000000087800000| PB 0x0000000087800000| Untracked 
|  87|0x0000000087900000, 0x0000000087900000, 0x0000000087a00000|  0%| F|  |TAMS 0x0000000087900000| PB 0x0000000087900000| Untracked 
|  88|0x0000000087a00000, 0x0000000087a00000, 0x0000000087b00000|  0%| F|  |TAMS 0x0000000087a00000| PB 0x0000000087a00000| Untracked 
|  89|0x0000000087b00000, 0x0000000087b00000, 0x0000000087c00000|  0%| F|  |TAMS 0x0000000087b00000| PB 0x0000000087b00000| Untracked 
|  90|0x0000000087c00000, 0x0000000087c00000, 0x0000000087d00000|  0%| F|  |TAMS 0x0000000087c00000| PB 0x0000000087c00000| Untracked 
|  91|0x0000000087d00000, 0x0000000087d00000, 0x0000000087e00000|  0%| F|  |TAMS 0x0000000087d00000| PB 0x0000000087d00000| Untracked 
|  92|0x0000000087e00000, 0x0000000087e00000, 0x0000000087f00000|  0%| F|  |TAMS 0x0000000087e00000| PB 0x0000000087e00000| Untracked 
|  93|0x0000000087f00000, 0x0000000087f00000, 0x0000000088000000|  0%| F|  |TAMS 0x0000000087f00000| PB 0x0000000087f00000| Untracked 
|  94|0x0000000088000000, 0x0000000088000000, 0x0000000088100000|  0%| F|  |TAMS 0x0000000088000000| PB 0x0000000088000000| Untracked 
|  95|0x0000000088100000, 0x0000000088100000, 0x0000000088200000|  0%| F|  |TAMS 0x0000000088100000| PB 0x0000000088100000| Untracked 
|  96|0x0000000088200000, 0x0000000088200000, 0x0000000088300000|  0%| F|  |TAMS 0x0000000088200000| PB 0x0000000088200000| Untracked 
|  97|0x0000000088300000, 0x0000000088300000, 0x0000000088400000|  0%| F|  |TAMS 0x0000000088300000| PB 0x0000000088300000| Untracked 
|  98|0x0000000088400000, 0x0000000088400000, 0x0000000088500000|  0%| F|  |TAMS 0x0000000088400000| PB 0x0000000088400000| Untracked 
|  99|0x0000000088500000, 0x0000000088500000, 0x0000000088600000|  0%| F|  |TAMS 0x0000000088500000| PB 0x0000000088500000| Untracked 
| 100|0x0000000088600000, 0x0000000088600000, 0x0000000088700000|  0%| F|  |TAMS 0x0000000088600000| PB 0x0000000088600000| Untracked 
| 101|0x0000000088700000, 0x0000000088700000, 0x0000000088800000|  0%| F|  |TAMS 0x0000000088700000| PB 0x0000000088700000| Untracked 
| 102|0x0000000088800000, 0x00000000888dbc78, 0x0000000088900000| 85%| S|CS|TAMS 0x0000000088800000| PB 0x0000000088800000| Complete 
| 103|0x0000000088900000, 0x0000000088a00000, 0x0000000088a00000|100%| S|CS|TAMS 0x0000000088900000| PB 0x0000000088900000| Complete 
| 104|0x0000000088a00000, 0x0000000088b00000, 0x0000000088b00000|100%| S|CS|TAMS 0x0000000088a00000| PB 0x0000000088a00000| Complete 
| 105|0x0000000088b00000, 0x0000000088b00000, 0x0000000088c00000|  0%| F|  |TAMS 0x0000000088b00000| PB 0x0000000088b00000| Untracked 
| 106|0x0000000088c00000, 0x0000000088c00000, 0x0000000088d00000|  0%| F|  |TAMS 0x0000000088c00000| PB 0x0000000088c00000| Untracked 
| 107|0x0000000088d00000, 0x0000000088d00000, 0x0000000088e00000|  0%| F|  |TAMS 0x0000000088d00000| PB 0x0000000088d00000| Untracked 
| 108|0x0000000088e00000, 0x0000000088e00000, 0x0000000088f00000|  0%| F|  |TAMS 0x0000000088e00000| PB 0x0000000088e00000| Untracked 
| 109|0x0000000088f00000, 0x0000000088f00000, 0x0000000089000000|  0%| F|  |TAMS 0x0000000088f00000| PB 0x0000000088f00000| Untracked 
| 110|0x0000000089000000, 0x0000000089000000, 0x0000000089100000|  0%| F|  |TAMS 0x0000000089000000| PB 0x0000000089000000| Untracked 
| 111|0x0000000089100000, 0x0000000089100000, 0x0000000089200000|  0%| F|  |TAMS 0x0000000089100000| PB 0x0000000089100000| Untracked 
| 112|0x0000000089200000, 0x0000000089200000, 0x0000000089300000|  0%| F|  |TAMS 0x0000000089200000| PB 0x0000000089200000| Untracked 
| 113|0x0000000089300000, 0x0000000089300000, 0x0000000089400000|  0%| F|  |TAMS 0x0000000089300000| PB 0x0000000089300000| Untracked 
| 114|0x0000000089400000, 0x0000000089400000, 0x0000000089500000|  0%| F|  |TAMS 0x0000000089400000| PB 0x0000000089400000| Untracked 
| 115|0x0000000089500000, 0x0000000089500000, 0x0000000089600000|  0%| F|  |TAMS 0x0000000089500000| PB 0x0000000089500000| Untracked 
| 116|0x0000000089600000, 0x0000000089693570, 0x0000000089700000| 57%| E|  |TAMS 0x0000000089600000| PB 0x0000000089600000| Complete 
| 117|0x0000000089700000, 0x0000000089800000, 0x0000000089800000|100%| E|CS|TAMS 0x0000000089700000| PB 0x0000000089700000| Complete 
| 118|0x0000000089800000, 0x0000000089900000, 0x0000000089900000|100%| E|CS|TAMS 0x0000000089800000| PB 0x0000000089800000| Complete 
| 119|0x0000000089900000, 0x0000000089a00000, 0x0000000089a00000|100%| E|CS|TAMS 0x0000000089900000| PB 0x0000000089900000| Complete 
| 120|0x0000000089a00000, 0x0000000089b00000, 0x0000000089b00000|100%| E|CS|TAMS 0x0000000089a00000| PB 0x0000000089a00000| Complete 
| 121|0x0000000089b00000, 0x0000000089c00000, 0x0000000089c00000|100%| E|CS|TAMS 0x0000000089b00000| PB 0x0000000089b00000| Complete 
| 122|0x0000000089c00000, 0x0000000089d00000, 0x0000000089d00000|100%| E|CS|TAMS 0x0000000089c00000| PB 0x0000000089c00000| Complete 
| 123|0x0000000089d00000, 0x0000000089e00000, 0x0000000089e00000|100%| E|CS|TAMS 0x0000000089d00000| PB 0x0000000089d00000| Complete 
| 124|0x0000000089e00000, 0x0000000089f00000, 0x0000000089f00000|100%| E|CS|TAMS 0x0000000089e00000| PB 0x0000000089e00000| Complete 
| 125|0x0000000089f00000, 0x000000008a000000, 0x000000008a000000|100%| E|CS|TAMS 0x0000000089f00000| PB 0x0000000089f00000| Complete 

Card table byte_map: [0x000002a31e450000,0x000002a31e840000] _byte_map_base: 0x000002a31e03f000

Marking Bits: (CMBitMap*) 0x000002a304c2e7a0
 Bits: [0x000002a31e840000, 0x000002a3207b8000)

Polling page: 0x000002a304cb0000

Metaspace:

Usage:
  Non-class:      6.65 MB used.
      Class:    719.77 KB used.
       Both:      7.35 MB used.

Virtual space:
  Non-class space:       64.00 MB reserved,       6.75 MB ( 11%) committed,  1 nodes.
      Class space:        1.00 GB reserved,     832.00 KB ( <1%) committed,  1 nodes.
             Both:        1.06 GB reserved,       7.56 MB ( <1%) committed. 

Chunk freelists:
   Non-Class:  8.27 MB
       Class:  15.01 MB
        Both:  23.28 MB

MaxMetaspaceSize: unlimited
CompressedClassSpaceSize: 1.00 GB
Initial GC threshold: 21.00 MB
Current GC threshold: 21.00 MB
CDS: on
 - commit_granule_bytes: 65536.
 - commit_granule_words: 8192.
 - virtual_space_node_default_size: 8388608.
 - enlarge_chunks_in_place: 1.
 - use_allocation_guard: 0.


Internal statistics:

num_allocs_failed_limit: 0.
num_arena_births: 214.
num_arena_deaths: 0.
num_vsnodes_births: 2.
num_vsnodes_deaths: 0.
num_space_committed: 119.
num_space_uncommitted: 0.
num_chunks_returned_to_freelist: 0.
num_chunks_taken_from_freelist: 414.
num_chunk_merges: 0.
num_chunk_splits: 270.
num_chunks_enlarged: 179.
num_inconsistent_stats: 0.

CodeHeap 'non-profiled nmethods': size=120000Kb used=453Kb max_used=453Kb free=119546Kb
 bounds [0x000002a3162e0000, 0x000002a316550000, 0x000002a31d810000]
CodeHeap 'profiled nmethods': size=120000Kb used=2152Kb max_used=2152Kb free=117847Kb
 bounds [0x000002a30e810000, 0x000002a30ea80000, 0x000002a315d40000]
CodeHeap 'non-nmethods': size=5760Kb used=2190Kb max_used=2204Kb free=3569Kb
 bounds [0x000002a315d40000, 0x000002a315fb0000, 0x000002a3162e0000]
 total_blobs=2479 nmethods=1339 adapters=1045
 compilation: enabled
              stopped_count=0, restarted_count=0
 full_count=0

Compilation events (20 events):
Event: 1.194 Thread 0x000002a323044cd0 nmethod 1325 0x000002a31634f110 code [0x000002a31634f2a0, 0x000002a31634f368]
Event: 1.195 Thread 0x000002a32303e600 nmethod 1326 0x000002a31634f410 code [0x000002a31634f5a0, 0x000002a31634f680]
Event: 1.197 Thread 0x000002a323044cd0 1327   !   3       jdk.internal.loader.BuiltinClassLoader::defineClass (162 bytes)
Event: 1.201 Thread 0x000002a323044cd0 nmethod 1327 0x000002a30ea25110 code [0x000002a30ea25600, 0x000002a30ea27e48]
Event: 1.209 Thread 0x000002a323044cd0 1329       3       org.lwjgl.glfw.GLFW::glfwWindowShouldClose (29 bytes)
Event: 1.209 Thread 0x000002a323044cd0 nmethod 1329 0x000002a30ea29090 code [0x000002a30ea29260, 0x000002a30ea29560]
Event: 1.209 Thread 0x000002a323044cd0 1331       3       org.lwjgl.glfw.GLFW::glfwPollEvents (9 bytes)
Event: 1.209 Thread 0x000002a323044cd0 nmethod 1331 0x000002a30ea29690 code [0x000002a30ea29840, 0x000002a30ea29960]
Event: 1.209 Thread 0x000002a323044cd0 1332       3       org.lwjgl.opengl.GL11::glClearColor (8 bytes)
Event: 1.209 Thread 0x000002a323044cd0 nmethod 1332 0x000002a30ea29a10 code [0x000002a30ea29bc0, 0x000002a30ea29cd8]
Event: 1.210 Thread 0x000002a323044cd0 1334       3       org.lwjgl.opengl.GL11::glClear (5 bytes)
Event: 1.210 Thread 0x000002a323044cd0 nmethod 1334 0x000002a30ea29d90 code [0x000002a30ea29f40, 0x000002a30ea2a058]
Event: 1.250 Thread 0x000002a32303e600 1336       4       org.lwjgl.glfw.GLFW::glfwWindowShouldClose (29 bytes)
Event: 1.250 Thread 0x000002a32303e600 nmethod 1336 0x000002a316350810 code [0x000002a3163509a0, 0x000002a316350a90]
Event: 1.250 Thread 0x000002a32303e600 1337       4       org.lwjgl.glfw.GLFW::glfwPollEvents (9 bytes)
Event: 1.251 Thread 0x000002a32303e600 nmethod 1337 0x000002a316350b90 code [0x000002a316350d20, 0x000002a316350dc0]
Event: 1.251 Thread 0x000002a32303e600 1338       4       org.lwjgl.opengl.GL11::glClear (5 bytes)
Event: 1.251 Thread 0x000002a32303e600 nmethod 1338 0x000002a316350e90 code [0x000002a316351020, 0x000002a3163510b0]
Event: 1.258 Thread 0x000002a32303e600 1339       4       org.lwjgl.opengl.GL11::glClearColor (8 bytes)
Event: 1.259 Thread 0x000002a32303e600 nmethod 1339 0x000002a316351190 code [0x000002a316351320, 0x000002a3163513b0]

GC Heap History (2 events):
Event: 0.462 GC heap before
{Heap before GC invocations=0 (full 0):
 garbage-first heap   total 129024K, used 20480K [0x0000000082200000, 0x0000000100000000)
  region size 1024K, 21 young (21504K), 0 survivors (0K)
 Metaspace       used 4285K, committed 4544K, reserved 1114112K
  class space    used 468K, committed 576K, reserved 1048576K
}
Event: 0.465 GC heap after
{Heap after GC invocations=1 (full 0):
 garbage-first heap   total 129024K, used 2927K [0x0000000082200000, 0x0000000100000000)
  region size 1024K, 3 young (3072K), 3 survivors (3072K)
 Metaspace       used 4285K, committed 4544K, reserved 1114112K
  class space    used 468K, committed 576K, reserved 1048576K
}

Dll operation events (20 events):
Event: 0.307 Loaded shared library C:\Users\DuongMXH\.openjfx\cache\17.0.2-ea\api-ms-win-crt-heap-l1-1-0.dll
Event: 0.309 Loaded shared library C:\Users\DuongMXH\.openjfx\cache\17.0.2-ea\api-ms-win-crt-locale-l1-1-0.dll
Event: 0.312 Loaded shared library C:\Users\DuongMXH\.openjfx\cache\17.0.2-ea\api-ms-win-crt-math-l1-1-0.dll
Event: 0.314 Loaded shared library C:\Users\DuongMXH\.openjfx\cache\17.0.2-ea\api-ms-win-crt-multibyte-l1-1-0.dll
Event: 0.317 Loaded shared library C:\Users\DuongMXH\.openjfx\cache\17.0.2-ea\api-ms-win-crt-private-l1-1-0.dll
Event: 0.320 Loaded shared library C:\Users\DuongMXH\.openjfx\cache\17.0.2-ea\api-ms-win-crt-process-l1-1-0.dll
Event: 0.322 Loaded shared library C:\Users\DuongMXH\.openjfx\cache\17.0.2-ea\api-ms-win-crt-runtime-l1-1-0.dll
Event: 0.324 Loaded shared library C:\Users\DuongMXH\.openjfx\cache\17.0.2-ea\api-ms-win-crt-stdio-l1-1-0.dll
Event: 0.327 Loaded shared library C:\Users\DuongMXH\.openjfx\cache\17.0.2-ea\api-ms-win-crt-string-l1-1-0.dll
Event: 0.329 Loaded shared library C:\Users\DuongMXH\.openjfx\cache\17.0.2-ea\api-ms-win-crt-time-l1-1-0.dll
Event: 0.331 Loaded shared library C:\Users\DuongMXH\.openjfx\cache\17.0.2-ea\api-ms-win-crt-utility-l1-1-0.dll
Event: 0.343 Loaded shared library C:\Users\DuongMXH\.openjfx\cache\17.0.2-ea\ucrtbase.dll
Event: 0.347 Loaded shared library C:\Users\DuongMXH\.openjfx\cache\17.0.2-ea\vcruntime140.dll
Event: 0.349 Loaded shared library C:\Users\DuongMXH\.openjfx\cache\17.0.2-ea\vcruntime140_1.dll
Event: 0.356 Loaded shared library C:\Users\DuongMXH\.openjfx\cache\17.0.2-ea\msvcp140.dll
Event: 0.384 Loaded shared library C:\Users\DuongMXH\.openjfx\cache\17.0.2-ea\prism_d3d.dll
Event: 0.412 Loaded shared library C:\Users\DuongMXH\.openjfx\cache\17.0.2-ea\glass.dll
Event: 0.513 Loaded shared library C:\Program Files\Java\jdk-21\bin\jimage.dll
Event: 0.532 Loaded shared library C:\Users\DuongMXH\AppData\Local\Temp\lwjgl_DuongMXH\3.3.3+5\x64\lwjgl.dll
Event: 0.953 Loaded shared library C:\Users\DuongMXH\AppData\Local\Temp\lwjgl_DuongMXH\3.3.3+5\x64\lwjgl_opengl.dll

Deoptimization events (20 events):
Event: 0.584 Thread 0x000002a323a4ee90 DEOPT PACKING pc=0x000002a30e9b7dca sp=0x000000d94a5fd3e0
Event: 0.584 Thread 0x000002a323a4ee90 DEOPT UNPACKING pc=0x000002a315d94e42 sp=0x000000d94a5fc878 mode 0
Event: 0.584 Thread 0x000002a323a4ee90 DEOPT PACKING pc=0x000002a30e9b7dca sp=0x000000d94a5fd3e0
Event: 0.584 Thread 0x000002a323a4ee90 DEOPT UNPACKING pc=0x000002a315d94e42 sp=0x000000d94a5fc878 mode 0
Event: 0.584 Thread 0x000002a323a4ee90 DEOPT PACKING pc=0x000002a30e9b801a sp=0x000000d94a5fd3e0
Event: 0.584 Thread 0x000002a323a4ee90 DEOPT UNPACKING pc=0x000002a315d94e42 sp=0x000000d94a5fc878 mode 0
Event: 0.584 Thread 0x000002a323a4ee90 DEOPT PACKING pc=0x000002a30e9b801a sp=0x000000d94a5fd3e0
Event: 0.584 Thread 0x000002a323a4ee90 DEOPT UNPACKING pc=0x000002a315d94e42 sp=0x000000d94a5fc878 mode 0
Event: 0.584 Thread 0x000002a323a4ee90 DEOPT PACKING pc=0x000002a30e9b7dca sp=0x000000d94a5fd3e0
Event: 0.584 Thread 0x000002a323a4ee90 DEOPT UNPACKING pc=0x000002a315d94e42 sp=0x000000d94a5fc878 mode 0
Event: 0.584 Thread 0x000002a323a4ee90 DEOPT PACKING pc=0x000002a30e9b7dca sp=0x000000d94a5fd2b0
Event: 0.584 Thread 0x000002a323a4ee90 DEOPT UNPACKING pc=0x000002a315d94e42 sp=0x000000d94a5fc748 mode 0
Event: 1.019 Thread 0x000002a3230351f0 Uncommon trap: trap_request=0xffffff45 fr.pc=0x000002a3162f0838 relative=0x0000000000000118
Event: 1.019 Thread 0x000002a3230351f0 Uncommon trap: reason=unstable_if action=reinterpret pc=0x000002a3162f0838 method=java.lang.StringLatin1.lastIndexOf([BI[BII)I @ 86 c2
Event: 1.019 Thread 0x000002a3230351f0 DEOPT PACKING pc=0x000002a3162f0838 sp=0x000000d949afdf20
Event: 1.019 Thread 0x000002a3230351f0 DEOPT UNPACKING pc=0x000002a315d946a2 sp=0x000000d949afde78 mode 2
Event: 1.082 Thread 0x000002a323a4ee90 Uncommon trap: trap_request=0xffffff54 fr.pc=0x000002a316347b94 relative=0x0000000000000074
Event: 1.082 Thread 0x000002a323a4ee90 Uncommon trap: reason=speculate_null_assert action=make_not_entrant pc=0x000002a316347b94 method=sun.misc.Unsafe.putLong(Ljava/lang/Object;JJ)V @ 7 c2
Event: 1.082 Thread 0x000002a323a4ee90 DEOPT PACKING pc=0x000002a316347b94 sp=0x000000d94a5fe100
Event: 1.083 Thread 0x000002a323a4ee90 DEOPT UNPACKING pc=0x000002a315d946a2 sp=0x000000d94a5fe078 mode 2

Classes loaded (20 events):
Event: 1.019 Loading class sun/util/resources/cldr/TimeZoneNames_en_US
Event: 1.019 Loading class sun/util/resources/cldr/TimeZoneNames_en_US done
Event: 1.020 Loading class java/time/zone/ZoneRulesProvider
Event: 1.020 Loading class java/time/zone/ZoneRulesProvider done
Event: 1.020 Loading class java/time/zone/ZoneRulesProvider$1
Event: 1.020 Loading class java/time/zone/ZoneRulesProvider$1 done
Event: 1.020 Loading class java/time/zone/TzdbZoneRulesProvider
Event: 1.020 Loading class java/time/zone/TzdbZoneRulesProvider done
Event: 1.022 Loading class java/time/zone/Ser
Event: 1.023 Loading class java/io/Externalizable
Event: 1.023 Loading class java/io/Externalizable done
Event: 1.023 Loading class java/time/zone/Ser done
Event: 1.023 Loading class java/time/zone/ZoneOffsetTransition
Event: 1.023 Loading class java/time/zone/ZoneOffsetTransition done
Event: 1.024 Loading class sun/util/cldr/CLDRBaseLocaleDataMetaInfo$TZCanonicalIDMapHolder
Event: 1.024 Loading class sun/util/cldr/CLDRBaseLocaleDataMetaInfo$TZCanonicalIDMapHolder done
Event: 1.025 Loading class sun/util/resources/TimeZoneNames
Event: 1.025 Loading class sun/util/resources/TimeZoneNames done
Event: 1.025 Loading class sun/util/resources/TimeZoneNames_en
Event: 1.025 Loading class sun/util/resources/TimeZoneNames_en done

Classes unloaded (0 events):
No events

Classes redefined (0 events):
No events

Internal exceptions (20 events):
Event: 0.567 Thread 0x000002a323a4ee90 Exception <a 'sun/nio/fs/WindowsException'{0x000000008990d950}> (0x000000008990d950) 
thrown [s\open\src\hotspot\share\prims\jni.cpp, line 520]
Event: 0.567 Thread 0x000002a323a4ee90 Exception <a 'sun/nio/fs/WindowsException'{0x000000008990e1e0}> (0x000000008990e1e0) 
thrown [s\open\src\hotspot\share\prims\jni.cpp, line 520]
Event: 0.567 Thread 0x000002a323a4ee90 Exception <a 'sun/nio/fs/WindowsException'{0x0000000089914c48}> (0x0000000089914c48) 
thrown [s\open\src\hotspot\share\prims\jni.cpp, line 520]
Event: 0.571 Thread 0x000002a323a4ee90 Exception <a 'sun/nio/fs/WindowsException'{0x00000000899199b8}> (0x00000000899199b8) 
thrown [s\open\src\hotspot\share\prims\jni.cpp, line 520]
Event: 0.571 Thread 0x000002a323a4ee90 Exception <a 'sun/nio/fs/WindowsException'{0x0000000089919d40}> (0x0000000089919d40) 
thrown [s\open\src\hotspot\share\prims\jni.cpp, line 520]
Event: 0.575 Thread 0x000002a323a4ee90 Exception <a 'sun/nio/fs/WindowsException'{0x0000000089939ea0}> (0x0000000089939ea0) 
thrown [s\open\src\hotspot\share\prims\jni.cpp, line 520]
Event: 0.585 Thread 0x000002a323a4ee90 Exception <a 'java/lang/NoSuchMethodError'{0x000000008993f3a0}: 'int java.lang.invoke.Invokers$Holder.invokeExact_MT(java.lang.Object, java.lang.Object)'> (0x000000008993f3a0) 
thrown [s\open\src\hotspot\share\interpreter\linkResolver.cpp, line 773]
Event: 0.941 Thread 0x000002a323a4ee90 Exception <a 'java/lang/NoSuchMethodError'{0x00000000899ae268}: 'void java.lang.System.load(java.lang.String, java.lang.Class)'> (0x00000000899ae268) 
thrown [s\open\src\hotspot\share\interpreter\linkResolver.cpp, line 773]
Event: 0.942 Thread 0x000002a323a4ee90 Exception <a 'java/lang/NoSuchMethodError'{0x00000000899b0c08}: 'void java.lang.System.loadLibrary(java.lang.String, java.lang.Class)'> (0x00000000899b0c08) 
thrown [s\open\src\hotspot\share\interpreter\linkResolver.cpp, line 773]
Event: 0.943 Thread 0x000002a323a4ee90 Exception <a 'sun/nio/fs/WindowsException'{0x00000000899b3790}> (0x00000000899b3790) 
thrown [s\open\src\hotspot\share\prims\jni.cpp, line 520]
Event: 0.943 Thread 0x000002a323a4ee90 Exception <a 'sun/nio/fs/WindowsException'{0x00000000899b5390}> (0x00000000899b5390) 
thrown [s\open\src\hotspot\share\prims\jni.cpp, line 520]
Event: 0.943 Thread 0x000002a323a4ee90 Exception <a 'sun/nio/fs/WindowsException'{0x00000000899b5990}> (0x00000000899b5990) 
thrown [s\open\src\hotspot\share\prims\jni.cpp, line 520]
Event: 0.943 Thread 0x000002a323a4ee90 Exception <a 'sun/nio/fs/WindowsException'{0x00000000899bc1d0}> (0x00000000899bc1d0) 
thrown [s\open\src\hotspot\share\prims\jni.cpp, line 520]
Event: 0.948 Thread 0x000002a323a4ee90 Exception <a 'sun/nio/fs/WindowsException'{0x00000000899c0f90}> (0x00000000899c0f90) 
thrown [s\open\src\hotspot\share\prims\jni.cpp, line 520]
Event: 0.948 Thread 0x000002a323a4ee90 Exception <a 'sun/nio/fs/WindowsException'{0x00000000899c1350}> (0x00000000899c1350) 
thrown [s\open\src\hotspot\share\prims\jni.cpp, line 520]
Event: 0.954 Thread 0x000002a323a4ee90 Exception <a 'sun/nio/fs/WindowsException'{0x00000000899c33c0}> (0x00000000899c33c0) 
thrown [s\open\src\hotspot\share\prims\jni.cpp, line 520]
Event: 0.957 Thread 0x000002a323a4ee90 Exception <a 'sun/nio/fs/WindowsException'{0x00000000899ccca0}> (0x00000000899ccca0) 
thrown [s\open\src\hotspot\share\prims\jni.cpp, line 520]
Event: 0.957 Thread 0x000002a323a4ee90 Exception <a 'sun/nio/fs/WindowsException'{0x00000000899ce2f8}> (0x00000000899ce2f8) 
thrown [s\open\src\hotspot\share\prims\jni.cpp, line 520]
Event: 0.957 Thread 0x000002a323a4ee90 Exception <a 'sun/nio/fs/WindowsException'{0x00000000899ce5f8}> (0x00000000899ce5f8) 
thrown [s\open\src\hotspot\share\prims\jni.cpp, line 520]
Event: 1.022 Thread 0x000002a3230351f0 Exception <a 'sun/nio/fs/WindowsException'{0x0000000089742ff0}> (0x0000000089742ff0) 
thrown [s\open\src\hotspot\share\prims\jni.cpp, line 520]

ZGC Phase Switch (0 events):
No events

VM Operations (12 events):
Event: 0.134 Executing VM operation: HandshakeAllThreads (Deoptimize)
Event: 0.134 Executing VM operation: HandshakeAllThreads (Deoptimize) done
Event: 0.406 Executing VM operation: HandshakeAllThreads (Deoptimize)
Event: 0.406 Executing VM operation: HandshakeAllThreads (Deoptimize) done
Event: 0.462 Executing VM operation: G1CollectForAllocation (G1 Evacuation Pause)
Event: 0.465 Executing VM operation: G1CollectForAllocation (G1 Evacuation Pause) done
Event: 0.509 Executing VM operation: HandshakeAllThreads (Deoptimize)
Event: 0.509 Executing VM operation: HandshakeAllThreads (Deoptimize) done
Event: 0.524 Executing VM operation: HandshakeAllThreads (Deoptimize)
Event: 0.524 Executing VM operation: HandshakeAllThreads (Deoptimize) done
Event: 0.533 Executing VM operation: HandshakeAllThreads (Deoptimize)
Event: 0.533 Executing VM operation: HandshakeAllThreads (Deoptimize) done

Events (19 events):
Event: 0.021 Thread 0x000002a304a317b0 Thread added: 0x000002a304a317b0
Event: 0.036 Thread 0x000002a32302f6b0 Thread added: 0x000002a32302f6b0
Event: 0.036 Thread 0x000002a323031480 Thread added: 0x000002a323031480
Event: 0.036 Thread 0x000002a323034790 Thread added: 0x000002a323034790
Event: 0.036 Thread 0x000002a3230351f0 Thread added: 0x000002a3230351f0
Event: 0.036 Thread 0x000002a3230363f0 Thread added: 0x000002a3230363f0
Event: 0.036 Thread 0x000002a323038e60 Thread added: 0x000002a323038e60
Event: 0.036 Thread 0x000002a32303e600 Thread added: 0x000002a32303e600
Event: 0.036 Thread 0x000002a323044cd0 Thread added: 0x000002a323044cd0
Event: 0.058 Thread 0x000002a322ff8c70 Thread added: 0x000002a322ff8c70
Event: 0.098 Thread 0x000002a3232d4670 Thread added: 0x000002a3232d4670
Event: 0.162 Thread 0x000002a3234812c0 Thread added: 0x000002a3234812c0
Event: 0.162 Thread 0x000002a3236585c0 Thread added: 0x000002a3236585c0
Event: 0.377 Thread 0x000002a3239943c0 Thread added: 0x000002a3239943c0
Event: 0.414 Thread 0x000002a323a2d5d0 Thread added: 0x000002a323a2d5d0
Event: 0.416 Thread 0x000002a323a4ee90 Thread added: 0x000002a323a4ee90
Event: 0.474 Thread 0x000002a3239cb9e0 Thread added: 0x000002a3239cb9e0
Event: 0.475 Thread 0x000002a323c452a0 Thread added: 0x000002a323c452a0
Event: 0.941 Thread 0x000002a3232d4670 Thread exited: 0x000002a3232d4670


Dynamic libraries:
0x00007ff738eb0000 - 0x00007ff738ec0000 	C:\Program Files\Java\jdk-21\bin\java.exe
0x00007ffdc87d0000 - 0x00007ffdc89c8000 	C:\Windows\SYSTEM32\ntdll.dll
0x00007ffdc7160000 - 0x00007ffdc721d000 	C:\Windows\System32\KERNEL32.DLL
0x00007ffdc6400000 - 0x00007ffdc66f6000 	C:\Windows\System32\KERNELBASE.dll
0x00007ffdc6730000 - 0x00007ffdc6830000 	C:\Windows\System32\ucrtbase.dll
0x00007ffdb0ce0000 - 0x00007ffdb0cf9000 	C:\Program Files\Java\jdk-21\bin\jli.dll
0x00007ffdc7540000 - 0x00007ffdc75ef000 	C:\Windows\System32\ADVAPI32.dll
0x00007ffda56e0000 - 0x00007ffda56fb000 	C:\Program Files\Java\jdk-21\bin\VCRUNTIME140.dll
0x00007ffdc84b0000 - 0x00007ffdc854e000 	C:\Windows\System32\msvcrt.dll
0x00007ffdc8600000 - 0x00007ffdc869c000 	C:\Windows\System32\sechost.dll
0x00007ffdc6c00000 - 0x00007ffdc6d26000 	C:\Windows\System32\RPCRT4.dll
0x00007ffdc72f0000 - 0x00007ffdc748e000 	C:\Windows\System32\USER32.dll
0x00007ffdc6700000 - 0x00007ffdc6722000 	C:\Windows\System32\win32u.dll
0x00007ffdc7060000 - 0x00007ffdc708c000 	C:\Windows\System32\GDI32.dll
0x00007ffdc60b0000 - 0x00007ffdc61ca000 	C:\Windows\System32\gdi32full.dll
0x00007ffdc61d0000 - 0x00007ffdc626d000 	C:\Windows\System32\msvcp_win.dll
0x00007ffdb17f0000 - 0x00007ffdb1a8a000 	C:\Windows\WinSxS\amd64_microsoft.windows.common-controls_6595b64144ccf1df_6.0.19041.3636_none_60b6a03d71f818d5\COMCTL32.dll
0x00007ffdc0bb0000 - 0x00007ffdc0bba000 	C:\Windows\SYSTEM32\VERSION.dll
0x00007ffdc7510000 - 0x00007ffdc7540000 	C:\Windows\System32\IMM32.DLL
0x00007ffdb4580000 - 0x00007ffdb458c000 	C:\Program Files\Java\jdk-21\bin\vcruntime140_1.dll
0x00007ffd9f6e0000 - 0x00007ffd9f76e000 	C:\Program Files\Java\jdk-21\bin\msvcp140.dll
0x00007ffd89f10000 - 0x00007ffd8ac25000 	C:\Program Files\Java\jdk-21\bin\server\jvm.dll
0x00007ffdc7220000 - 0x00007ffdc728b000 	C:\Windows\System32\WS2_32.dll
0x00007ffdc5c60000 - 0x00007ffdc5cab000 	C:\Windows\SYSTEM32\POWRPROF.dll
0x00007ffda0d90000 - 0x00007ffda0db7000 	C:\Windows\SYSTEM32\WINMM.dll
0x00007ffdc5bd0000 - 0x00007ffdc5be2000 	C:\Windows\SYSTEM32\UMPDC.dll
0x00007ffdc3d90000 - 0x00007ffdc3da2000 	C:\Windows\SYSTEM32\kernel.appcore.dll
0x00007ffdaec40000 - 0x00007ffdaec4a000 	C:\Program Files\Java\jdk-21\bin\jimage.dll
0x00007ffdaa6c0000 - 0x00007ffdaa8a4000 	C:\Windows\SYSTEM32\DBGHELP.DLL
0x00007ffda9b30000 - 0x00007ffda9b64000 	C:\Windows\SYSTEM32\dbgcore.DLL
0x00007ffdc5f60000 - 0x00007ffdc5fe2000 	C:\Windows\System32\bcryptPrimitives.dll
0x00007ffdc1b50000 - 0x00007ffdc1b5f000 	C:\Program Files\Java\jdk-21\bin\instrument.dll
0x00007ffda56c0000 - 0x00007ffda56df000 	C:\Program Files\Java\jdk-21\bin\java.dll
0x00007ffdc75f0000 - 0x00007ffdc7d35000 	C:\Windows\System32\SHELL32.dll
0x00007ffdc3f90000 - 0x00007ffdc472b000 	C:\Windows\SYSTEM32\windows.storage.dll
0x00007ffdc6840000 - 0x00007ffdc6b94000 	C:\Windows\System32\combase.dll
0x00007ffdc5820000 - 0x00007ffdc584d000 	C:\Windows\SYSTEM32\Wldp.dll
0x00007ffdc83e0000 - 0x00007ffdc848d000 	C:\Windows\System32\SHCORE.dll
0x00007ffdc86a0000 - 0x00007ffdc86f5000 	C:\Windows\System32\shlwapi.dll
0x00007ffdc5de0000 - 0x00007ffdc5e05000 	C:\Windows\SYSTEM32\profapi.dll
0x00007ffd95720000 - 0x00007ffd957f7000 	C:\Program Files\Java\jdk-21\bin\jsvml.dll
0x00007ffdaea90000 - 0x00007ffdaeaa0000 	C:\Program Files\Java\jdk-21\bin\net.dll
0x00007ffdbf1f0000 - 0x00007ffdbf2fa000 	C:\Windows\SYSTEM32\WINHTTP.dll
0x00007ffdc5580000 - 0x00007ffdc55ea000 	C:\Windows\system32\mswsock.dll
0x00007ffda56a0000 - 0x00007ffda56b6000 	C:\Program Files\Java\jdk-21\bin\nio.dll
0x00007ffda53e0000 - 0x00007ffda53f8000 	C:\Program Files\Java\jdk-21\bin\zip.dll
0x00007ffdb35c0000 - 0x00007ffdb35da000 	C:\Program Files\JetBrains\IntelliJ IDEA Educational Edition 2022.2.2\bin\breakgen64.dll
0x000002a323dd0000 - 0x000002a323dd3000 	C:\Users\DuongMXH\.openjfx\cache\17.0.2-ea\api-ms-win-core-console-l1-1-0.dll
0x000002a323de0000 - 0x000002a323de3000 	C:\Users\DuongMXH\.openjfx\cache\17.0.2-ea\api-ms-win-core-console-l1-2-0.dll
0x000002a323df0000 - 0x000002a323df3000 	C:\Users\DuongMXH\.openjfx\cache\17.0.2-ea\api-ms-win-core-datetime-l1-1-0.dll
0x000002a323e00000 - 0x000002a323e03000 	C:\Users\DuongMXH\.openjfx\cache\17.0.2-ea\api-ms-win-core-debug-l1-1-0.dll
0x000002a323e10000 - 0x000002a323e13000 	C:\Users\DuongMXH\.openjfx\cache\17.0.2-ea\api-ms-win-core-errorhandling-l1-1-0.dll
0x000002a323e20000 - 0x000002a323e24000 	C:\Users\DuongMXH\.openjfx\cache\17.0.2-ea\api-ms-win-core-file-l1-1-0.dll
0x000002a323e30000 - 0x000002a323e33000 	C:\Users\DuongMXH\.openjfx\cache\17.0.2-ea\api-ms-win-core-file-l1-2-0.dll
0x000002a323e40000 - 0x000002a323e43000 	C:\Users\DuongMXH\.openjfx\cache\17.0.2-ea\api-ms-win-core-file-l2-1-0.dll
0x000002a323e50000 - 0x000002a323e53000 	C:\Users\DuongMXH\.openjfx\cache\17.0.2-ea\api-ms-win-core-handle-l1-1-0.dll
0x000002a323e60000 - 0x000002a323e63000 	C:\Users\DuongMXH\.openjfx\cache\17.0.2-ea\api-ms-win-core-heap-l1-1-0.dll
0x000002a323e70000 - 0x000002a323e73000 	C:\Users\DuongMXH\.openjfx\cache\17.0.2-ea\api-ms-win-core-interlocked-l1-1-0.dll
0x000002a323e80000 - 0x000002a323e83000 	C:\Users\DuongMXH\.openjfx\cache\17.0.2-ea\api-ms-win-core-libraryloader-l1-1-0.dll
0x000002a323e90000 - 0x000002a323e93000 	C:\Users\DuongMXH\.openjfx\cache\17.0.2-ea\api-ms-win-core-localization-l1-2-0.dll
0x000002a323ea0000 - 0x000002a323ea3000 	C:\Users\DuongMXH\.openjfx\cache\17.0.2-ea\api-ms-win-core-memory-l1-1-0.dll
0x000002a323eb0000 - 0x000002a323eb3000 	C:\Users\DuongMXH\.openjfx\cache\17.0.2-ea\api-ms-win-core-namedpipe-l1-1-0.dll
0x000002a323ec0000 - 0x000002a323ec3000 	C:\Users\DuongMXH\.openjfx\cache\17.0.2-ea\api-ms-win-core-processenvironment-l1-1-0.dll
0x000002a323ed0000 - 0x000002a323ed3000 	C:\Users\DuongMXH\.openjfx\cache\17.0.2-ea\api-ms-win-core-processthreads-l1-1-0.dll
0x000002a323ee0000 - 0x000002a323ee3000 	C:\Users\DuongMXH\.openjfx\cache\17.0.2-ea\api-ms-win-core-processthreads-l1-1-1.dll
0x000002a323ef0000 - 0x000002a323ef3000 	C:\Users\DuongMXH\.openjfx\cache\17.0.2-ea\api-ms-win-core-profile-l1-1-0.dll
0x000002a323f00000 - 0x000002a323f03000 	C:\Users\DuongMXH\.openjfx\cache\17.0.2-ea\api-ms-win-core-rtlsupport-l1-1-0.dll
0x000002a323f10000 - 0x000002a323f13000 	C:\Users\DuongMXH\.openjfx\cache\17.0.2-ea\api-ms-win-core-string-l1-1-0.dll
0x000002a323f20000 - 0x000002a323f23000 	C:\Users\DuongMXH\.openjfx\cache\17.0.2-ea\api-ms-win-core-synch-l1-1-0.dll
0x000002a323f30000 - 0x000002a323f33000 	C:\Users\DuongMXH\.openjfx\cache\17.0.2-ea\api-ms-win-core-synch-l1-2-0.dll
0x000002a323f40000 - 0x000002a323f43000 	C:\Users\DuongMXH\.openjfx\cache\17.0.2-ea\api-ms-win-core-sysinfo-l1-1-0.dll
0x000002a323f50000 - 0x000002a323f53000 	C:\Users\DuongMXH\.openjfx\cache\17.0.2-ea\api-ms-win-core-timezone-l1-1-0.dll
0x000002a323f60000 - 0x000002a323f63000 	C:\Users\DuongMXH\.openjfx\cache\17.0.2-ea\api-ms-win-core-util-l1-1-0.dll
0x000002a323f70000 - 0x000002a323f73000 	C:\Users\DuongMXH\.openjfx\cache\17.0.2-ea\api-ms-win-crt-conio-l1-1-0.dll
0x000002a323f80000 - 0x000002a323f84000 	C:\Users\DuongMXH\.openjfx\cache\17.0.2-ea\api-ms-win-crt-convert-l1-1-0.dll
0x000002a323f90000 - 0x000002a323f93000 	C:\Users\DuongMXH\.openjfx\cache\17.0.2-ea\api-ms-win-crt-environment-l1-1-0.dll
0x000002a323fa0000 - 0x000002a323fa3000 	C:\Users\DuongMXH\.openjfx\cache\17.0.2-ea\api-ms-win-crt-filesystem-l1-1-0.dll
0x000002a323fb0000 - 0x000002a323fb3000 	C:\Users\DuongMXH\.openjfx\cache\17.0.2-ea\api-ms-win-crt-heap-l1-1-0.dll
0x000002a323fc0000 - 0x000002a323fc3000 	C:\Users\DuongMXH\.openjfx\cache\17.0.2-ea\api-ms-win-crt-locale-l1-1-0.dll
0x000002a323fd0000 - 0x000002a323fd5000 	C:\Users\DuongMXH\.openjfx\cache\17.0.2-ea\api-ms-win-crt-math-l1-1-0.dll
0x000002a323fe0000 - 0x000002a323fe5000 	C:\Users\DuongMXH\.openjfx\cache\17.0.2-ea\api-ms-win-crt-multibyte-l1-1-0.dll
0x000002a323ff0000 - 0x000002a324000000 	C:\Users\DuongMXH\.openjfx\cache\17.0.2-ea\api-ms-win-crt-private-l1-1-0.dll
0x000002a369000000 - 0x000002a369003000 	C:\Users\DuongMXH\.openjfx\cache\17.0.2-ea\api-ms-win-crt-process-l1-1-0.dll
0x000002a369010000 - 0x000002a369014000 	C:\Users\DuongMXH\.openjfx\cache\17.0.2-ea\api-ms-win-crt-runtime-l1-1-0.dll
0x000002a369020000 - 0x000002a369024000 	C:\Users\DuongMXH\.openjfx\cache\17.0.2-ea\api-ms-win-crt-stdio-l1-1-0.dll
0x000002a369030000 - 0x000002a369034000 	C:\Users\DuongMXH\.openjfx\cache\17.0.2-ea\api-ms-win-crt-string-l1-1-0.dll
0x000002a369040000 - 0x000002a369043000 	C:\Users\DuongMXH\.openjfx\cache\17.0.2-ea\api-ms-win-crt-time-l1-1-0.dll
0x000002a369050000 - 0x000002a369053000 	C:\Users\DuongMXH\.openjfx\cache\17.0.2-ea\api-ms-win-crt-utility-l1-1-0.dll
0x00007ffd8c420000 - 0x00007ffd8c51c000 	C:\Users\DuongMXH\.openjfx\cache\17.0.2-ea\ucrtbase.dll
0x00007ffdb0d10000 - 0x00007ffdb0d2a000 	C:\Users\DuongMXH\.openjfx\cache\17.0.2-ea\vcruntime140.dll
0x00007ffdb3600000 - 0x00007ffdb360c000 	C:\Users\DuongMXH\.openjfx\cache\17.0.2-ea\vcruntime140_1.dll
0x00007ffd94b00000 - 0x00007ffd94b8d000 	C:\Users\DuongMXH\.openjfx\cache\17.0.2-ea\msvcp140.dll
0x00007ffd9f860000 - 0x00007ffd9f88a000 	C:\Users\DuongMXH\.openjfx\cache\17.0.2-ea\prism_d3d.dll
0x00007ffd7caf0000 - 0x00007ffd7ccbd000 	C:\Windows\system32\d3d9.dll
0x00007ffdc3b80000 - 0x00007ffdc3baf000 	C:\Windows\SYSTEM32\dwmapi.dll
0x00007ffdc38c0000 - 0x00007ffdc395e000 	C:\Windows\system32\uxtheme.dll
0x00007ffd89be0000 - 0x00007ffd89d43000 	C:\Windows\System32\DriverStore\FileRepository\iigd_dch.inf_amd64_518f2921ba495409\igdumdim64.dll
0x00007ffd75b60000 - 0x00007ffd798cb000 	C:\Windows\System32\DriverStore\FileRepository\iigd_dch.inf_amd64_518f2921ba495409\igd9dxva64.dll
0x00007ffdc6f30000 - 0x00007ffdc705b000 	C:\Windows\System32\OLE32.DLL
0x00007ffdc7090000 - 0x00007ffdc715d000 	C:\Windows\System32\OLEAUT32.dll
0x00007ffdbc0c0000 - 0x00007ffdbc260000 	C:\Windows\System32\DriverStore\FileRepository\iigd_dch.inf_amd64_518f2921ba495409\igdgmm64.dll
0x00007ffd95b30000 - 0x00007ffd95b72000 	C:\Users\DuongMXH\.openjfx\cache\17.0.2-ea\glass.dll
0x00007ffdc6d30000 - 0x00007ffdc6e0a000 	C:\Windows\System32\COMDLG32.dll
0x00007ffdc6e10000 - 0x00007ffdc6f24000 	C:\Windows\System32\MSCTF.dll
0x00007ffd549f0000 - 0x00007ffd54a13000 	C:\Windows\System32\DriverStore\FileRepository\iigd_dch.inf_amd64_518f2921ba495409\igdinfo64.dll
0x00007ffdb9cc0000 - 0x00007ffdbc0bc000 	C:\Windows\System32\DriverStore\FileRepository\iigd_dch.inf_amd64_518f2921ba495409\igc64.dll
0x00007ffdc0d90000 - 0x00007ffdc0dcb000 	C:\Windows\SYSTEM32\dxcore.dll
0x00007ffdc5ff0000 - 0x00007ffdc603e000 	C:\Windows\System32\cfgmgr32.dll
0x00007ffd8d690000 - 0x00007ffd8d70b000 	C:\Users\DuongMXH\AppData\Local\Temp\lwjgl_DuongMXH\3.3.3+5\x64\lwjgl.dll
0x00007ffd8d570000 - 0x00007ffd8d5f2000 	C:\Users\DuongMXH\AppData\Local\Temp\lwjgl_DuongMXH\3.3.3+5\x64\glfw.dll
0x00007ffd959c0000 - 0x00007ffd95a05000 	C:\Windows\SYSTEM32\dinput8.dll
0x00007ffdb4750000 - 0x00007ffdb4761000 	C:\Windows\SYSTEM32\xinput1_4.dll
0x00007ffdc5bf0000 - 0x00007ffdc5c23000 	C:\Windows\SYSTEM32\DEVOBJ.dll
0x00007ffd9fef0000 - 0x00007ffda0042000 	C:\Windows\SYSTEM32\inputhost.dll
0x00007ffdc33c0000 - 0x00007ffdc34b2000 	C:\Windows\SYSTEM32\CoreMessaging.dll
0x00007ffdc1d00000 - 0x00007ffdc1e55000 	C:\Windows\SYSTEM32\wintypes.dll
0x00007ffdc16e0000 - 0x00007ffdc17d6000 	C:\Windows\SYSTEM32\PROPSYS.dll
0x00007ffdc3060000 - 0x00007ffdc33bb000 	C:\Windows\SYSTEM32\CoreUIComponents.dll
0x00007ffdc4ff0000 - 0x00007ffdc5023000 	C:\Windows\SYSTEM32\ntmarta.dll
0x00007ffd9f0c0000 - 0x00007ffd9f1e5000 	C:\Windows\SYSTEM32\opengl32.dll
0x00007ffda0e70000 - 0x00007ffda0e9c000 	C:\Windows\SYSTEM32\GLU32.dll
0x00007ffdc8550000 - 0x00007ffdc85f9000 	C:\Windows\System32\clbcatq.dll
0x00007ffdc0280000 - 0x00007ffdc0382000 	C:\Windows\System32\AppXDeploymentClient.dll
0x00007ffd832c0000 - 0x00007ffd841c9000 	C:\Windows\System32\DriverStore\FileRepository\iigd_dch.inf_amd64_518f2921ba495409\ig9icd64.dll
0x00007ffdc4770000 - 0x00007ffdc4863000 	C:\Windows\system32\dxgi.dll
0x00007ffda5780000 - 0x00007ffda5879000 	C:\Windows\SYSTEM32\textinputframework.dll
0x00007ffd8d4e0000 - 0x00007ffd8d53e000 	C:\Users\DuongMXH\AppData\Local\Temp\lwjgl_DuongMXH\3.3.3+5\x64\lwjgl_opengl.dll

dbghelp: loaded successfully - version: 4.0.5 - missing functions: none
symbol engine: initialized successfully - sym options: 0x614 - pdb path: .;C:\Program Files\Java\jdk-21\bin;C:\Windows\SYSTEM32;C:\Windows\WinSxS\amd64_microsoft.windows.common-controls_6595b64144ccf1df_6.0.19041.3636_none_60b6a03d71f818d5;C:\Program Files\Java\jdk-21\bin\server;C:\Program Files\JetBrains\IntelliJ IDEA Educational Edition 2022.2.2\bin;C:\Users\DuongMXH\.openjfx\cache\17.0.2-ea;C:\Windows\System32\DriverStore\FileRepository\iigd_dch.inf_amd64_518f2921ba495409;C:\Users\DuongMXH\AppData\Local\Temp\lwjgl_DuongMXH\3.3.3+5\x64

VM Arguments:
jvm_args: -javaagent:C:\Program Files\JetBrains\IntelliJ IDEA Educational Edition 2022.2.2\lib\idea_rt.jar=57239:C:\Program Files\JetBrains\IntelliJ IDEA Educational Edition 2022.2.2\bin -Dfile.encoding=UTF-8 -Dsun.stdout.encoding=UTF-8 -Dsun.stderr.encoding=UTF-8 --module-path=C:\Users\DuongMXH\.m2\repository\org\openjfx\javafx-fxml\17.0.2\javafx-fxml-17.0.2-win.jar;C:\Users\DuongMXH\.m2\repository\org\lwjgl\lwjgl-opengl\3.3.3\lwjgl-opengl-3.3.3.jar;C:\Users\DuongMXH\.m2\repository\org\lwjgl\lwjgl-glfw\3.3.3\lwjgl-glfw-3.3.3.jar;C:\Users\DuongMXH\.m2\repository\org\openjfx\javafx-controls\17.0.2\javafx-controls-17.0.2-win.jar;C:\Users\DuongMXH\.m2\repository\org\openjfx\javafx-base\17.0.2\javafx-base-17.0.2-win.jar;C:\Users\DuongMXH\.m2\repository\org\lwjgl\lwjgl\3.3.3\lwjgl-3.3.3.jar;C:\Users\DuongMXH\Desktop\game\mygame\target\classes;C:\Users\DuongMXH\.m2\repository\org\openjfx\javafx-graphics\17.0.2\javafx-graphics-17.0.2-win.jar -Djdk.module.main=com.mygame 
java_command: com.mygame/com.mygame.HelloApplication
java_class_path (initial): C:\Users\DuongMXH\.m2\repository\org\lwjgl\lwjgl-assimp\3.3.3\lwjgl-assimp-3.3.3.jar;C:\Users\DuongMXH\.m2\repository\org\lwjgl\lwjgl-nfd\3.3.3\lwjgl-nfd-3.3.3.jar;C:\Users\DuongMXH\.m2\repository\org\lwjgl\lwjgl-openal\3.3.3\lwjgl-openal-3.3.3.jar;C:\Users\DuongMXH\.m2\repository\org\lwjgl\lwjgl-stb\3.3.3\lwjgl-stb-3.3.3.jar;C:\Users\DuongMXH\.m2\repository\org\lwjgl\lwjgl\3.3.3\lwjgl-3.3.3-natives-windows.jar;C:\Users\DuongMXH\.m2\repository\org\lwjgl\lwjgl-assimp\3.3.3\lwjgl-assimp-3.3.3-natives-windows.jar;C:\Users\DuongMXH\.m2\repository\org\lwjgl\lwjgl-glfw\3.3.3\lwjgl-glfw-3.3.3-natives-windows.jar;C:\Users\DuongMXH\.m2\repository\org\lwjgl\lwjgl-nfd\3.3.3\lwjgl-nfd-3.3.3-natives-windows.jar;C:\Users\DuongMXH\.m2\repository\org\lwjgl\lwjgl-openal\3.3.3\lwjgl-openal-3.3.3-natives-windows.jar;C:\Users\DuongMXH\.m2\repository\org\lwjgl\lwjgl-opengl\3.3.3\lwjgl-opengl-3.3.3-natives-windows.jar;C:\Users\DuongMXH\.m2\repository\org\lwjgl\lwjgl-stb\3.3.3\lwjgl-stb-3.3.3-natives-windows.jar;C:\Users\DuongMXH\.m2\repository\org\joml\joml\1.10.5\joml-1.10.5.jar;C:\Users\DuongMXH\.m2\repository\org\openjfx\javafx-controls\17.0.2\javafx-controls-17.0.2.jar;C:\Users\DuongMXH\.m2\repository\org\openjfx\javafx-graphics\17.0.2\javafx-graphics-17.0.2.jar;C:\Users\DuongMXH\.m2\repository\org\openjfx\javafx-base\17.0.2\javafx-base-17.0.2.jar;C:\Users\DuongMXH\.m2\repository\org\openjfx\javafx-fxml\17.0.2\javafx-fxml-17.0.2.jar
Launcher Type: SUN_STANDARD

[Global flags]
     intx CICompilerCount                          = 3                                         {product} {ergonomic}
     uint ConcGCThreads                            = 2                                         {product} {ergonomic}
     uint G1ConcRefinementThreads                  = 6                                         {product} {ergonomic}
   size_t G1HeapRegionSize                         = 1048576                                   {product} {ergonomic}
    uintx GCDrainStackTargetSize                   = 64                                        {product} {ergonomic}
   size_t InitialHeapSize                          = 132120576                                 {product} {ergonomic}
   size_t MarkStackSize                            = 4194304                                   {product} {ergonomic}
   size_t MaxHeapSize                              = 2111832064                                {product} {ergonomic}
   size_t MaxNewSize                               = 1266679808                                {product} {ergonomic}
   size_t MinHeapDeltaBytes                        = 1048576                                   {product} {ergonomic}
   size_t MinHeapSize                              = 8388608                                   {product} {ergonomic}
    uintx NonNMethodCodeHeapSize                   = 5832780                                {pd product} {ergonomic}
    uintx NonProfiledCodeHeapSize                  = 122912730                              {pd product} {ergonomic}
    uintx ProfiledCodeHeapSize                     = 122912730                              {pd product} {ergonomic}
    uintx ReservedCodeCacheSize                    = 251658240                              {pd product} {ergonomic}
     bool SegmentedCodeCache                       = true                                      {product} {ergonomic}
   size_t SoftMaxHeapSize                          = 2111832064                             {manageable} {ergonomic}
     bool UseCompressedOops                        = true                           {product lp64_product} {ergonomic}
     bool UseG1GC                                  = true                                      {product} {ergonomic}
     bool UseLargePagesIndividualAllocation        = false                                  {pd product} {ergonomic}

Logging:
Log output configuration:
 #0: stdout all=warning uptime,level,tags foldmultilines=false
 #1: stderr all=off uptime,level,tags foldmultilines=false

Environment Variables:
PATH=C:\Program Files\Common Files\Oracle\Java\javapath;C:\Program Files (x86)\Common Files\Oracle\Java\javapath;C:\Python312\Scripts\;C:\Python312\;C:\Windows\system32;C:\Windows;C:\Windows\System32\Wbem;C:\Windows\System32\WindowsPowerShell\v1.0\;C:\Windows\System32\OpenSSH\;C:\Program Files\TortoiseSVN\bin;C:\Program Files\Git\cmd;C:\ProgramData\chocolatey\bin;C:\Program Files\nodejs\;C:\MinGW\bin;C:\Program Files\Java\jdk-21\bin;C:\Users\DuongMXH\AppData\Local\Microsoft\WindowsApps;;C:\Users\DuongMXH\AppData\Local\Programs\Microsoft VS Code\bin;C:\Users\DuongMXH\AppData\Roaming\npm;C:\Users\DuongMXH\AppData\Local\JetBrains\IntelliJ IDEA 2023.3.2\bin;
USERNAME=DuongMXH
OS=Windows_NT
PROCESSOR_IDENTIFIER=Intel64 Family 6 Model 158 Stepping 10, GenuineIntel
TMP=C:\Users\DuongMXH\AppData\Local\Temp
TEMP=C:\Users\DuongMXH\AppData\Local\Temp




Periodic native trim disabled

---------------  S Y S T E M  ---------------

OS:
 Windows 10 , 64 bit Build 19041 (10.0.19041.3636)
OS uptime: 0 days 8:54 hours

CPU: total 6 (initial active 6) (6 cores per cpu, 1 threads per core) family 6 model 158 stepping 10 microcode 0xb4, cx8, cmov, fxsr, mmx, 3dnowpref, sse, sse2, sse3, ssse3, sse4.1, sse4.2, popcnt, lzcnt, tsc, tscinvbit, avx, avx2, aes, erms, clmul, bmi1, bmi2, adx, fma, vzeroupper, clflush, clflushopt, rdtscp, f16c
Processor Information for all 6 processors :
  Max Mhz: 2808, Current Mhz: 2808, Mhz Limit: 2808

Memory: 4k page, system-wide physical 8053M (1096M free)
TotalPageFile size 15363M (AvailPageFile size 2477M)
current process WorkingSet (physical memory assigned to process): 155M, peak: 155M
current process commit charge ("private bytes"): 254M, peak: 254M

vm_info: Java HotSpot(TM) 64-Bit Server VM (21.0.1+12-LTS-29) for windows-amd64 JRE (21.0.1+12-LTS-29), built on 2023-10-05T13:27:09Z by "mach5one" with MS VC++ 17.1 (VS2022)

END.
