#
# A fatal error has been detected by the Java Runtime Environment:
#
#  EXCEPTION_ACCESS_VIOLATION (0xc0000005) at pc=0x00007ffd836880d9, pid=25900, tid=25784
#
# JRE version: Java(TM) SE Runtime Environment (21.0.1+12) (build 21.0.1+12-LTS-29)
# Java VM: Java HotSpot(TM) 64-Bit Server VM (21.0.1+12-LTS-29, mixed mode, sharing, tiered, compressed oops, compressed class ptrs, g1 gc, windows-amd64)
# Problematic frame:
# C  [ig9icd64.dll+0x3c80d9]
#
# No core dump will be written. Minidumps are not enabled by default on client versions of Windows
#
# If you would like to submit a bug report, please visit:
#   https://bugreport.java.com/bugreport/crash.jsp
# The crash happened outside the Java Virtual Machine in native code.
# See problematic frame for where to report the bug.
#

---------------  S U M M A R Y ------------

Command Line: -javaagent:C:\Program Files\JetBrains\IntelliJ IDEA Educational Edition 2022.2.2\lib\idea_rt.jar=57296:C:\Program Files\JetBrains\IntelliJ IDEA Educational Edition 2022.2.2\bin -Dfile.encoding=UTF-8 -Dsun.stdout.encoding=UTF-8 -Dsun.stderr.encoding=UTF-8 --module-path=C:\Users\DuongMXH\.m2\repository\org\openjfx\javafx-fxml\17.0.2\javafx-fxml-17.0.2-win.jar;C:\Users\DuongMXH\.m2\repository\org\openjfx\javafx-controls\17.0.2\javafx-controls-17.0.2-win.jar;C:\Users\DuongMXH\.m2\repository\org\lwjgl\lwjgl-glfw\3.3.3\lwjgl-glfw-3.3.3.jar;C:\Users\DuongMXH\Desktop\game\mygame\target\classes;C:\Users\DuongMXH\.m2\repository\org\lwjgl\lwjgl-opengl\3.3.3\lwjgl-opengl-3.3.3.jar;C:\Users\DuongMXH\.m2\repository\org\lwjgl\lwjgl\3.3.3\lwjgl-3.3.3.jar;C:\Users\DuongMXH\.m2\repository\org\openjfx\javafx-graphics\17.0.2\javafx-graphics-17.0.2-win.jar;C:\Users\DuongMXH\.m2\repository\org\openjfx\javafx-base\17.0.2\javafx-base-17.0.2-win.jar -Djdk.module.main=com.mygame com.mygame/com.mygame.Main

Host: Intel(R) Core(TM) i5-8400 CPU @ 2.80GHz, 6 cores, 7G,  Windows 10 , 64 bit Build 19041 (10.0.19041.3636)
Time: Tue Jan 16 16:26:13 2024 SE Asia Standard Time elapsed time: 0.786780 seconds (0d 0h 0m 0s)

---------------  T H R E A D  ---------------

Current thread (0x000001f4777677d0):  JavaThread "main"             [_thread_in_native, id=25784, stack(0x0000005d61100000,0x0000005d61200000) (1024K)]

Stack: [0x0000005d61100000,0x0000005d61200000],  sp=0x0000005d611fef50,  free space=1019k
Native frames: (J=compiled Java code, j=interpreted, Vv=VM code, C=native code)
C  [ig9icd64.dll+0x3c80d9]

Java frames: (J=compiled Java code, j=interpreted, Vv=VM code)
J 933  org.lwjgl.opengl.GL11C.glClear(I)V org.lwjgl.opengl@3.3.3+5 (0 bytes) @ 0x000001f40feb3419 [0x000001f40feb33c0+0x0000000000000059]
J 936 c2 org.lwjgl.opengl.GL11.glClear(I)V org.lwjgl.opengl@3.3.3+5 (5 bytes) @ 0x000001f40feb3e40 [0x000001f40feb3e20+0x0000000000000020]
j  com.mygame.duong.Window.loop()V+23 com.mygame
j  com.mygame.duong.Window.run()V+19 com.mygame
j  com.mygame.Main.main([Ljava/lang/String;)V+5 com.mygame
v  ~StubRoutines::call_stub 0x000001f40f8c100d

siginfo: EXCEPTION_ACCESS_VIOLATION (0xc0000005), writing address 0x000001f460040000


Registers:
RAX=0x00000000680b0000, RBX=0x0000000000000000, RCX=0x000001f460040000, RDX=0x000001f45d4fde78
RSP=0x0000005d611fef50, RBP=0x0000005d611ff050, RSI=0x0000000000000000, RDI=0x0000005d611ff188
R8 =0x000001f45d60d620, R9 =0x0000000000000000, R10=0x000001f45d60d620, R11=0x0000000000000780
R12=0x0000000000000000, R13=0x0000005d611ff248, R14=0x000001f45d4c9a80, R15=0x0000000000004000
RIP=0x00007ffd836880d9, EFLAGS=0x0000000000010206


Register to memory mapping:

RAX=0x00000000680b0000 is an unknown value
RBX=0x0 is null
RCX=0x000001f460040000 is an unknown value
RDX=0x000001f45d4fde78 points into unknown readable memory: 0x000001f400000000 | 00 00 00 00 f4 01 00 00
RSP=0x0000005d611fef50 is pointing into the stack for thread: 0x000001f4777677d0
RBP=0x0000005d611ff050 is pointing into the stack for thread: 0x000001f4777677d0
RSI=0x0 is null
RDI=0x0000005d611ff188 is pointing into the stack for thread: 0x000001f4777677d0
R8 =0x000001f45d60d620 points into unknown readable memory: 0x0000010100000000 | 00 00 00 00 01 01 00 00
R9 =0x0 is null
R10=0x000001f45d60d620 points into unknown readable memory: 0x0000010100000000 | 00 00 00 00 01 01 00 00
R11=0x0000000000000780 is an unknown value
R12=0x0 is null
R13=0x0000005d611ff248 is pointing into the stack for thread: 0x000001f4777677d0
R14=0x000001f45d4c9a80 points into unknown readable memory: 0x000001f45d2d4c00 | 00 4c 2d 5d f4 01 00 00
R15=0x0000000000004000 is an unknown value

Top of Stack: (sp=0x0000005d611fef50)
0x0000005d611fef50:   000001f45d60f490 0000005d611ff050
0x0000005d611fef60:   3ff0000000000000 000001f45d266320
0x0000005d611fef70:   0000005d611ff0e0 00007ffd8a154c20
0x0000005d611fef80:   0000000000000000 0000000000000000
0x0000005d611fef90:   0000000000000000 0000000000000001
0x0000005d611fefa0:   0000000000000000 0000000000000000
0x0000005d611fefb0:   000001f45d60d620 00007ffd8a155271
0x0000005d611fefc0:   0000000000000000 0000000000000000
0x0000005d611fefd0:   0000005d611ff0e0 0000000000000000
0x0000005d611fefe0:   0000000000000000 000003f900000780
0x0000005d611feff0:   0000005d611fefe0 0000005d611ff010
0x0000005d611ff000:   0000000000000000 0000000000000000
0x0000005d611ff010:   000000003f800000 3f80000000000000
0x0000005d611ff020:   0000000000000000 00007ffdc72fa5c3
0x0000005d611ff030:   00004e5a3a86d738 000001f4777677d0
0x0000005d611ff040:   b76c25747845117f 0000000000000000
0x0000005d611ff050:   459176a500000001 00007ffdc7172eeb
0x0000005d611ff060:   0000000000004000 0000005d611ff248
0x0000005d611ff070:   00000000000003f9 0000000000000000
0x0000005d611ff080:   0000000000000000 000001f45d4c9a80
0x0000005d611ff090:   0000000000000780 00007ffd837dc16f
0x0000005d611ff0a0:   0000000000000000 000001f477c66100
0x0000005d611ff0b0:   0000000000000001 0000005d611ff210
0x0000005d611ff0c0:   00007ffd00000000 000001f400000780
0x0000005d611ff0d0:   00000000000003f9 00007ffd00000002
0x0000005d611ff0e0:   0000005d611ff100 0000005d611ff207
0x0000005d611ff0f0:   0000005d611fc0c6 0000000000000000
0x0000005d611ff100:   000000003f800000 3f80000000000000
0x0000005d611ff110:   00004e5a3a86c8c8 000001f4595b28e0
0x0000005d611ff120:   000001f4777677d0 0000005d611ff200
0x0000005d611ff130:   0000000000000000 000001f45d4fe170
0x0000005d611ff140:   000001f4595b28e0 0000005d611ff210 

Instructions: (pc=0x00007ffd836880d9)
0x00007ffd83687fd9:   84 08 00 00 01 00 00 00 48 8b cb e8 57 2c cc ff
0x00007ffd83687fe9:   49 8b d6 48 8b cb e8 8c 90 cc ff 48 8b 05 dd 5f
0x00007ffd83687ff9:   66 00 48 09 83 90 08 00 00 48 8b 05 d7 5f 66 00
0x00007ffd83688009:   48 09 83 98 08 00 00 b8 7f 00 00 00 48 8b 8b 88
0x00007ffd83688019:   08 00 00 33 f6 4c 8b 44 24 60 48 c7 81 88 27 00
0x00007ffd83688029:   00 ff ff ff ff c7 81 94 27 00 00 ff ff ff ff 66
0x00007ffd83688039:   89 81 a6 06 00 00 48 c7 81 f8 4c 00 00 ff ff ff
0x00007ffd83688049:   ff c7 81 04 4d 00 00 ff ff ff ff 66 89 81 16 2c
0x00007ffd83688059:   00 00 48 c7 81 68 72 00 00 ff ff ff ff c7 81 74
0x00007ffd83688069:   72 00 00 ff ff ff ff 66 89 81 86 51 00 00 48 c7
0x00007ffd83688079:   81 d8 97 00 00 ff ff ff ff c7 81 e4 97 00 00 ff
0x00007ffd83688089:   ff ff ff 66 89 81 f6 76 00 00 48 c7 81 48 bd 00
0x00007ffd83688099:   00 ff ff ff ff c7 81 54 bd 00 00 ff ff ff ff 66
0x00007ffd836880a9:   89 81 66 9c 00 00 89 b1 64 bd 00 00 eb 08 33 f6
0x00007ffd836880b9:   89 b3 84 08 00 00 49 8b 96 70 44 03 00 8b de 8b
0x00007ffd836880c9:   05 82 80 a4 00 89 5c 24 50 8b 4a 28 48 03 4a 18
0x00007ffd836880d9:   89 01 83 42 28 04 49 63 86 10 1b 00 00 48 89 45
0x00007ffd836880e9:   88 48 85 c0 0f 8e da 04 00 00 4c 89 ac 24 18 01
0x00007ffd836880f9:   00 00 4d 8d ae e0 5d 03 00 4c 89 bc 24 10 01 00
0x00007ffd83688109:   00 44 8b 7d 70 0f 29 b4 24 00 01 00 00 0f 57 f6
0x00007ffd83688119:   0f 29 bc 24 f0 00 00 00 0f 57 ff 48 89 bc 24 60
0x00007ffd83688129:   01 00 00 0f 1f 40 00 41 8b 4d 00 83 f9 ff 0f 84
0x00007ffd83688139:   4c 04 00 00 49 8b bc c8 b8 01 00 00 48 85 ff 0f
0x00007ffd83688149:   84 3b 04 00 00 8b 85 88 00 00 00 0f a3 c8 0f 83
0x00007ffd83688159:   2c 04 00 00 48 8b 05 5c 92 89 00 83 b8 9c 01 00
0x00007ffd83688169:   00 01 74 24 83 f9 0e 75 1f 48 8b 87 98 00 00 00
0x00007ffd83688179:   48 85 c0 74 13 83 78 08 01 77 0d 83 78 04 03 75
0x00007ffd83688189:   07 c6 87 d8 00 00 00 01 41 80 b8 8a 00 00 00 00
0x00007ffd83688199:   74 29 83 f9 04 74 05 83 f9 01 75 1f 48 8b 87 98
0x00007ffd836881a9:   00 00 00 48 85 c0 74 13 83 78 08 01 77 0d 83 78
0x00007ffd836881b9:   04 03 75 07 c6 87 d8 00 00 00 01 48 8b 8f 98 00
0x00007ffd836881c9:   00 00 44 8b c6 48 85 c9 0f 84 db 00 00 00 48 8b 


Stack slot to memory mapping:

stack at sp + 0 slots: 0x000001f45d60f490 points into unknown readable memory: 0x0000000200000001 | 01 00 00 00 02 00 00 00
stack at sp + 1 slots: 0x0000005d611ff050 is pointing into the stack for thread: 0x000001f4777677d0
stack at sp + 2 slots: 0x3ff0000000000000 is an unknown value
stack at sp + 3 slots: 0x000001f45d266320 points into unknown readable memory: 0xffffffffffffffff | ff ff ff ff ff ff ff ff
stack at sp + 4 slots: 0x0000005d611ff0e0 is pointing into the stack for thread: 0x000001f4777677d0
stack at sp + 5 slots: 0x00007ffd8a154c20 jvm.dll
stack at sp + 6 slots: 0x0 is null
stack at sp + 7 slots: 0x0 is null


Compiled method (n/a)     843  933     n 0       org.lwjgl.opengl.GL11C::glClear (native)
 total in heap  [0x000001f40feb3210,0x000001f40feb35e0] = 976
 relocation     [0x000001f40feb3370,0x000001f40feb33a8] = 56
 main code      [0x000001f40feb33c0,0x000001f40feb35d4] = 532
 stub code      [0x000001f40feb35d4,0x000001f40feb35d8] = 4
 oops           [0x000001f40feb35d8,0x000001f40feb35e0] = 8

[Constant Pool (empty)]

[MachCode]
[Entry Point]
  # {method} {0x000001f4595a73c8} 'glClear' '(I)V' in 'org/lwjgl/opengl/GL11C'
  # parm0:    rdx       = int
  #           [sp+0x70]  (sp of caller)
  0x000001f40feb33c0: 448b 5208 | 49bb 0000 | 0018 f401 | 0000 4d03 | d349 3bc2 | 0f84 0600 

  0x000001f40feb33d8: ;   {runtime_call ic_miss_stub}
  0x000001f40feb33d8: 0000 e9a1 | b3a5 ff90 
[Verified Entry Point]
  0x000001f40feb33e0: 8984 2400 | 80ff ff55 | 488b ec48 | 83ec 6090 | 4181 7f20 | 0100 0000 

  0x000001f40feb33f8: ;   {runtime_call StubRoutines (final stubs)}
  0x000001f40feb33f8: 7405 e861 | 19a4 ff4c 

  0x000001f40feb3400: ;   {oop(a 'java/lang/Class'{0x00000000891f0dc8} = 'org/lwjgl/opengl/GL11C')}
  0x000001f40feb3400: 8bc2 49be | c80d 1f89 | 0000 0000 | 4c89 7424 | 504c 8d74 | 2450 498b | d6c5 f877 

  0x000001f40feb341c: ;   {internal_word}
  0x000001f40feb341c: 49ba 1934 | eb0f f401 | 0000 4d89 | 97a0 0300 | 0049 89a7 | 9803 0000 

  0x000001f40feb3434: ;   {external_word}
  0x000001f40feb3434: 49ba c925 | b38a fd7f | 0000 4180 | 3a00 0f84 | 4a00 0000 

  0x000001f40feb3448: ;   {metadata({method} {0x000001f4595a73c8} 'glClear' '(I)V' in 'org/lwjgl/opengl/GL11C')}
  0x000001f40feb3448: 5241 5048 | bac0 735a | 59f4 0100 | 0049 8bcf | 4883 ec20 | 40f6 c40f | 0f84 1900 | 0000 4883 
  0x000001f40feb3468: ;   {runtime_call}
  0x000001f40feb3468: ec08 48b8 | 30eb 638a | fd7f 0000 | ffd0 4883 | c408 e90c 

  0x000001f40feb347c: ;   {runtime_call}
  0x000001f40feb347c: 0000 0048 | b830 eb63 | 8afd 7f00 | 00ff d048 | 83c4 2041 | 585a 498d | 8fb8 0300 | 0041 c787 
  0x000001f40feb349c: 4c04 0000 | 0400 0000 

  0x000001f40feb34a4: ;   {runtime_call}
  0x000001f40feb34a4: 48b8 90c5 | b295 fd7f | 0000 ffd0 | c5f8 7741 | c787 4c04 | 0000 0500 | 0000 f083 | 4424 c000 
  0x000001f40feb34c4: 493b af50 | 0400 000f | 870e 0000 | 0041 83bf | 4804 0000 | 000f 8423 | 0000 00c5 | f877 498b 
  0x000001f40feb34e4: cf4c 8be4 | 4883 ec20 | 4883 e4f0 

  0x000001f40feb34f0: ;   {runtime_call}
  0x000001f40feb34f0: 48b8 c0be | 2f8a fd7f | 0000 ffd0 | 498b e44d | 33e4 41c7 | 874c 0400 | 0008 0000 | 0041 83bf 
  0x000001f40feb3510: c804 0000 | 020f 8494 

  0x000001f40feb3518: ;   {external_word}
  0x000001f40feb3518: 0000 0049 | bac9 25b3 | 8afd 7f00 | 0041 803a | 000f 8444 

  0x000001f40feb352c: ;   {metadata({method} {0x000001f4595a73c8} 'glClear' '(I)V' in 'org/lwjgl/opengl/GL11C')}
  0x000001f40feb352c: 0000 0048 | bac0 735a | 59f4 0100 | 0049 8bcf | 4883 ec20 | 40f6 c40f | 0f84 1900 | 0000 4883 
  0x000001f40feb354c: ;   {runtime_call}
  0x000001f40feb354c: ec08 48b8 | 30eb 638a | fd7f 0000 | ffd0 4883 | c408 e90c 

  0x000001f40feb3560: ;   {runtime_call}
  0x000001f40feb3560: 0000 0048 | b830 eb63 | 8afd 7f00 | 00ff d048 | 83c4 2049 | c787 9803 | 0000 0000 | 0000 49c7 
  0x000001f40feb3580: 87a0 0300 | 0000 0000 | 00c5 f877 | 498b 8f28 | 0400 00c7 | 8100 0100 | 0000 0000 | 00c9 4983 
  0x000001f40feb35a0: 7f08 000f | 8501 0000 

  0x000001f40feb35a8: ;   {runtime_call StubRoutines (initial stubs)}
  0x000001f40feb35a8: 00c3 e951 | d9a0 ffc5 | f877 4c8b | e448 83ec | 2048 83e4 

  0x000001f40feb35bc: ;   {runtime_call}
  0x000001f40feb35bc: f048 b860 | 2364 8afd | 7f00 00ff | d049 8be4 | 4d33 e4e9 | 47ff ffff 
[Stub Code]
  0x000001f40feb35d4: f4f4 f4f4 
[/MachCode]


Compiled method (c2)     847  936       4       org.lwjgl.opengl.GL11::glClear (5 bytes)
 total in heap  [0x000001f40feb3c90,0x000001f40feb3f20] = 656
 relocation     [0x000001f40feb3df0,0x000001f40feb3e10] = 32
 main code      [0x000001f40feb3e20,0x000001f40feb3e88] = 104
 stub code      [0x000001f40feb3e88,0x000001f40feb3eb0] = 40
 oops           [0x000001f40feb3eb0,0x000001f40feb3eb8] = 8
 metadata       [0x000001f40feb3eb8,0x000001f40feb3ec0] = 8
 scopes data    [0x000001f40feb3ec0,0x000001f40feb3ed0] = 16
 scopes pcs     [0x000001f40feb3ed0,0x000001f40feb3f00] = 48
 dependencies   [0x000001f40feb3f00,0x000001f40feb3f08] = 8
 handler table  [0x000001f40feb3f08,0x000001f40feb3f20] = 24

[Constant Pool (empty)]

[MachCode]
[Verified Entry Point]
  # {method} {0x000001f459556e38} 'glClear' '(I)V' in 'org/lwjgl/opengl/GL11'
  # parm0:    rdx       = int
  #           [sp+0x20]  (sp of caller)
  0x000001f40feb3e20: 8984 2400 | 80ff ff55 | 4883 ec10 | 4181 7f20 | 0100 0000 | 0f85 4400 

  0x000001f40feb3e38: ;   {static_call}
  0x000001f40feb3e38: 0000 90e8 

  0x000001f40feb3e3c: ; ImmutableOopMap {}
                      ;*invokestatic glClear {reexecute=0 rethrow=0 return_oop=0}
                      ; - org.lwjgl.opengl.GL11::glClear@1 (line 992)
  0x000001f40feb3e3c: a0f5 ffff 

  0x000001f40feb3e40: ;   {other}
  0x000001f40feb3e40: 0f1f 8400 | b001 0000 | 4883 c410 

  0x000001f40feb3e4c: ;   {poll_return}
  0x000001f40feb3e4c: 5d49 3ba7 | 5004 0000 | 0f87 0e00 | 0000 c348 | 8bd0 4883 

  0x000001f40feb3e60: ;   {runtime_call _rethrow_Java}
  0x000001f40feb3e60: c410 5de9 | 1808 b3ff 

  0x000001f40feb3e68: ;   {internal_word}
  0x000001f40feb3e68: 49ba 4d3e | eb0f f401 | 0000 4d89 | 9768 0400 

  0x000001f40feb3e78: ;   {runtime_call SafepointBlob}
  0x000001f40feb3e78: 00e9 8218 

  0x000001f40feb3e7c: ;   {runtime_call StubRoutines (final stubs)}
  0x000001f40feb3e7c: a6ff e8dd | 0ea4 ffe9 | b2ff ffff 
[Stub Code]
  0x000001f40feb3e88: ;   {no_reloc}
  0x000001f40feb3e88: 48bb 0000 | 0000 0000 

  0x000001f40feb3e90: ;   {runtime_call}
  0x000001f40feb3e90: 0000 e9fb 

  0x000001f40feb3e94: ;   {runtime_call ExceptionBlob}
  0x000001f40feb3e94: ffff ffe9 | e45f b2ff 
[Deopt Handler Code]
  0x000001f40feb3e9c: e800 0000 | 0048 832c 

  0x000001f40feb3ea4: ;   {runtime_call DeoptimizationBlob}
  0x000001f40feb3ea4: 2405 e9f5 | 0aa6 fff4 | f4f4 f4f4 
[/MachCode]


---------------  P R O C E S S  ---------------

Threads class SMR info:
_java_thread_list=0x000001f45d795f00, length=12, elements={
0x000001f4777677d0, 0x000001f47e8542d0, 0x000001f47e8560a0, 0x000001f47e858c10,
0x000001f47e859670, 0x000001f47e85a0d0, 0x000001f47e85ab30, 0x000001f47e85b8c0,
0x000001f47e860380, 0x000001f417518580, 0x000001f4175bd1f0, 0x000001f45d1554d0
}

Java Threads: ( => current thread )
=>0x000001f4777677d0 JavaThread "main"                              [_thread_in_native, id=25784, stack(0x0000005d61100000,0x0000005d61200000) (1024K)]
  0x000001f47e8542d0 JavaThread "Reference Handler"          daemon [_thread_blocked, id=25860, stack(0x0000005d61900000,0x0000005d61a00000) (1024K)]
  0x000001f47e8560a0 JavaThread "Finalizer"                  daemon [_thread_blocked, id=25884, stack(0x0000005d61a00000,0x0000005d61b00000) (1024K)]
  0x000001f47e858c10 JavaThread "Signal Dispatcher"          daemon [_thread_blocked, id=2516, stack(0x0000005d61b00000,0x0000005d61c00000) (1024K)]
  0x000001f47e859670 JavaThread "Attach Listener"            daemon [_thread_blocked, id=1540, stack(0x0000005d61c00000,0x0000005d61d00000) (1024K)]
  0x000001f47e85a0d0 JavaThread "Service Thread"             daemon [_thread_blocked, id=22144, stack(0x0000005d61d00000,0x0000005d61e00000) (1024K)]
  0x000001f47e85ab30 JavaThread "Monitor Deflation Thread"   daemon [_thread_blocked, id=22076, stack(0x0000005d61e00000,0x0000005d61f00000) (1024K)]
  0x000001f47e85b8c0 JavaThread "C2 CompilerThread0"         daemon [_thread_blocked, id=20584, stack(0x0000005d61f00000,0x0000005d62000000) (1024K)]
  0x000001f47e860380 JavaThread "C1 CompilerThread0"         daemon [_thread_blocked, id=25712, stack(0x0000005d62000000,0x0000005d62100000) (1024K)]
  0x000001f417518580 JavaThread "Common-Cleaner"             daemon [_thread_blocked, id=10216, stack(0x0000005d62100000,0x0000005d62200000) (1024K)]
  0x000001f4175bd1f0 JavaThread "Monitor Ctrl-Break"         daemon [_thread_in_native, id=25780, stack(0x0000005d62300000,0x0000005d62400000) (1024K)]
  0x000001f45d1554d0 JavaThread "Notification Thread"        daemon [_thread_blocked, id=20624, stack(0x0000005d62400000,0x0000005d62500000) (1024K)]
Total: 12

Other Threads:
  0x000001f47e82fb30 VMThread "VM Thread"                           [id=25932, stack(0x0000005d61800000,0x0000005d61900000) (1024K)]
  0x000001f47e816670 WatcherThread "VM Periodic Task Thread"        [id=16620, stack(0x0000005d61700000,0x0000005d61800000) (1024K)]
  0x000001f4777c0f00 WorkerThread "GC Thread#0"                     [id=25852, stack(0x0000005d61200000,0x0000005d61300000) (1024K)]
  0x000001f4775fde70 ConcurrentGCThread "G1 Main Marker"            [id=2260, stack(0x0000005d61300000,0x0000005d61400000) (1024K)]
  0x000001f4775fea30 WorkerThread "G1 Conc#0"                       [id=18924, stack(0x0000005d61400000,0x0000005d61500000) (1024K)]
  0x000001f47783eaf0 ConcurrentGCThread "G1 Refine#0"               [id=19644, stack(0x0000005d61500000,0x0000005d61600000) (1024K)]
  0x000001f47e6e9730 ConcurrentGCThread "G1 Service"                [id=25808, stack(0x0000005d61600000,0x0000005d61700000) (1024K)]
Total: 7

Threads with active compile tasks:
Total: 0

VM state: not at safepoint (normal execution)

VM Mutex/Monitor currently owned by a thread: None

Heap address: 0x0000000082200000, size: 2014 MB, Compressed Oops mode: 32-bit

CDS archive(s) mapped at: [0x000001f418000000-0x000001f418c90000-0x000001f418c90000), size 13172736, SharedBaseAddress: 0x000001f418000000, ArchiveRelocationMode: 1.
Compressed class space mapped at: 0x000001f419000000-0x000001f459000000, reserved size: 1073741824
Narrow klass base: 0x000001f418000000, Narrow klass shift: 0, Narrow klass range: 0x100000000

GC Precious Log:
 CardTable entry size: 512
 Card Set container configuration: InlinePtr #cards 5 size 8 Array Of Cards #cards 12 size 40 Howl #buckets 4 coarsen threshold 1843 Howl Bitmap #cards 512 size 80 coarsen threshold 460 Card regions per heap region 1 cards per card region 2048
 CPUs: 6 total, 6 available
 Memory: 8053M
 Large Page Support: Disabled
 NUMA Support: Disabled
 Compressed Oops: Enabled (32-bit)
 Heap Region Size: 1M
 Heap Min Capacity: 8M
 Heap Initial Capacity: 126M
 Heap Max Capacity: 2014M
 Pre-touch: Disabled
 Parallel Workers: 6
 Concurrent Workers: 2
 Concurrent Refinement Workers: 6
 Periodic GC: Disabled

Heap:
 garbage-first heap   total 129024K, used 13312K [0x0000000082200000, 0x0000000100000000)
  region size 1024K, 15 young (15360K), 0 survivors (0K)
 Metaspace       used 4023K, committed 4224K, reserved 1114112K
  class space    used 271K, committed 320K, reserved 1048576K

Heap Regions: E=young(eden), S=young(survivor), O=old, HS=humongous(starts), HC=humongous(continues), CS=collection set, F=free, TAMS=top-at-mark-start, PB=parsable bottom
|   0|0x0000000082200000, 0x0000000082200000, 0x0000000082300000|  0%| F|  |TAMS 0x0000000082200000| PB 0x0000000082200000| Untracked 
|   1|0x0000000082300000, 0x0000000082300000, 0x0000000082400000|  0%| F|  |TAMS 0x0000000082300000| PB 0x0000000082300000| Untracked 
|   2|0x0000000082400000, 0x0000000082400000, 0x0000000082500000|  0%| F|  |TAMS 0x0000000082400000| PB 0x0000000082400000| Untracked 
|   3|0x0000000082500000, 0x0000000082500000, 0x0000000082600000|  0%| F|  |TAMS 0x0000000082500000| PB 0x0000000082500000| Untracked 
|   4|0x0000000082600000, 0x0000000082600000, 0x0000000082700000|  0%| F|  |TAMS 0x0000000082600000| PB 0x0000000082600000| Untracked 
|   5|0x0000000082700000, 0x0000000082700000, 0x0000000082800000|  0%| F|  |TAMS 0x0000000082700000| PB 0x0000000082700000| Untracked 
|   6|0x0000000082800000, 0x0000000082800000, 0x0000000082900000|  0%| F|  |TAMS 0x0000000082800000| PB 0x0000000082800000| Untracked 
|   7|0x0000000082900000, 0x0000000082900000, 0x0000000082a00000|  0%| F|  |TAMS 0x0000000082900000| PB 0x0000000082900000| Untracked 
|   8|0x0000000082a00000, 0x0000000082a00000, 0x0000000082b00000|  0%| F|  |TAMS 0x0000000082a00000| PB 0x0000000082a00000| Untracked 
|   9|0x0000000082b00000, 0x0000000082b00000, 0x0000000082c00000|  0%| F|  |TAMS 0x0000000082b00000| PB 0x0000000082b00000| Untracked 
|  10|0x0000000082c00000, 0x0000000082c00000, 0x0000000082d00000|  0%| F|  |TAMS 0x0000000082c00000| PB 0x0000000082c00000| Untracked 
|  11|0x0000000082d00000, 0x0000000082d00000, 0x0000000082e00000|  0%| F|  |TAMS 0x0000000082d00000| PB 0x0000000082d00000| Untracked 
|  12|0x0000000082e00000, 0x0000000082e00000, 0x0000000082f00000|  0%| F|  |TAMS 0x0000000082e00000| PB 0x0000000082e00000| Untracked 
|  13|0x0000000082f00000, 0x0000000082f00000, 0x0000000083000000|  0%| F|  |TAMS 0x0000000082f00000| PB 0x0000000082f00000| Untracked 
|  14|0x0000000083000000, 0x0000000083000000, 0x0000000083100000|  0%| F|  |TAMS 0x0000000083000000| PB 0x0000000083000000| Untracked 
|  15|0x0000000083100000, 0x0000000083100000, 0x0000000083200000|  0%| F|  |TAMS 0x0000000083100000| PB 0x0000000083100000| Untracked 
|  16|0x0000000083200000, 0x0000000083200000, 0x0000000083300000|  0%| F|  |TAMS 0x0000000083200000| PB 0x0000000083200000| Untracked 
|  17|0x0000000083300000, 0x0000000083300000, 0x0000000083400000|  0%| F|  |TAMS 0x0000000083300000| PB 0x0000000083300000| Untracked 
|  18|0x0000000083400000, 0x0000000083400000, 0x0000000083500000|  0%| F|  |TAMS 0x0000000083400000| PB 0x0000000083400000| Untracked 
|  19|0x0000000083500000, 0x0000000083500000, 0x0000000083600000|  0%| F|  |TAMS 0x0000000083500000| PB 0x0000000083500000| Untracked 
|  20|0x0000000083600000, 0x0000000083600000, 0x0000000083700000|  0%| F|  |TAMS 0x0000000083600000| PB 0x0000000083600000| Untracked 
|  21|0x0000000083700000, 0x0000000083700000, 0x0000000083800000|  0%| F|  |TAMS 0x0000000083700000| PB 0x0000000083700000| Untracked 
|  22|0x0000000083800000, 0x0000000083800000, 0x0000000083900000|  0%| F|  |TAMS 0x0000000083800000| PB 0x0000000083800000| Untracked 
|  23|0x0000000083900000, 0x0000000083900000, 0x0000000083a00000|  0%| F|  |TAMS 0x0000000083900000| PB 0x0000000083900000| Untracked 
|  24|0x0000000083a00000, 0x0000000083a00000, 0x0000000083b00000|  0%| F|  |TAMS 0x0000000083a00000| PB 0x0000000083a00000| Untracked 
|  25|0x0000000083b00000, 0x0000000083b00000, 0x0000000083c00000|  0%| F|  |TAMS 0x0000000083b00000| PB 0x0000000083b00000| Untracked 
|  26|0x0000000083c00000, 0x0000000083c00000, 0x0000000083d00000|  0%| F|  |TAMS 0x0000000083c00000| PB 0x0000000083c00000| Untracked 
|  27|0x0000000083d00000, 0x0000000083d00000, 0x0000000083e00000|  0%| F|  |TAMS 0x0000000083d00000| PB 0x0000000083d00000| Untracked 
|  28|0x0000000083e00000, 0x0000000083e00000, 0x0000000083f00000|  0%| F|  |TAMS 0x0000000083e00000| PB 0x0000000083e00000| Untracked 
|  29|0x0000000083f00000, 0x0000000083f00000, 0x0000000084000000|  0%| F|  |TAMS 0x0000000083f00000| PB 0x0000000083f00000| Untracked 
|  30|0x0000000084000000, 0x0000000084000000, 0x0000000084100000|  0%| F|  |TAMS 0x0000000084000000| PB 0x0000000084000000| Untracked 
|  31|0x0000000084100000, 0x0000000084100000, 0x0000000084200000|  0%| F|  |TAMS 0x0000000084100000| PB 0x0000000084100000| Untracked 
|  32|0x0000000084200000, 0x0000000084200000, 0x0000000084300000|  0%| F|  |TAMS 0x0000000084200000| PB 0x0000000084200000| Untracked 
|  33|0x0000000084300000, 0x0000000084300000, 0x0000000084400000|  0%| F|  |TAMS 0x0000000084300000| PB 0x0000000084300000| Untracked 
|  34|0x0000000084400000, 0x0000000084400000, 0x0000000084500000|  0%| F|  |TAMS 0x0000000084400000| PB 0x0000000084400000| Untracked 
|  35|0x0000000084500000, 0x0000000084500000, 0x0000000084600000|  0%| F|  |TAMS 0x0000000084500000| PB 0x0000000084500000| Untracked 
|  36|0x0000000084600000, 0x0000000084600000, 0x0000000084700000|  0%| F|  |TAMS 0x0000000084600000| PB 0x0000000084600000| Untracked 
|  37|0x0000000084700000, 0x0000000084700000, 0x0000000084800000|  0%| F|  |TAMS 0x0000000084700000| PB 0x0000000084700000| Untracked 
|  38|0x0000000084800000, 0x0000000084800000, 0x0000000084900000|  0%| F|  |TAMS 0x0000000084800000| PB 0x0000000084800000| Untracked 
|  39|0x0000000084900000, 0x0000000084900000, 0x0000000084a00000|  0%| F|  |TAMS 0x0000000084900000| PB 0x0000000084900000| Untracked 
|  40|0x0000000084a00000, 0x0000000084a00000, 0x0000000084b00000|  0%| F|  |TAMS 0x0000000084a00000| PB 0x0000000084a00000| Untracked 
|  41|0x0000000084b00000, 0x0000000084b00000, 0x0000000084c00000|  0%| F|  |TAMS 0x0000000084b00000| PB 0x0000000084b00000| Untracked 
|  42|0x0000000084c00000, 0x0000000084c00000, 0x0000000084d00000|  0%| F|  |TAMS 0x0000000084c00000| PB 0x0000000084c00000| Untracked 
|  43|0x0000000084d00000, 0x0000000084d00000, 0x0000000084e00000|  0%| F|  |TAMS 0x0000000084d00000| PB 0x0000000084d00000| Untracked 
|  44|0x0000000084e00000, 0x0000000084e00000, 0x0000000084f00000|  0%| F|  |TAMS 0x0000000084e00000| PB 0x0000000084e00000| Untracked 
|  45|0x0000000084f00000, 0x0000000084f00000, 0x0000000085000000|  0%| F|  |TAMS 0x0000000084f00000| PB 0x0000000084f00000| Untracked 
|  46|0x0000000085000000, 0x0000000085000000, 0x0000000085100000|  0%| F|  |TAMS 0x0000000085000000| PB 0x0000000085000000| Untracked 
|  47|0x0000000085100000, 0x0000000085100000, 0x0000000085200000|  0%| F|  |TAMS 0x0000000085100000| PB 0x0000000085100000| Untracked 
|  48|0x0000000085200000, 0x0000000085200000, 0x0000000085300000|  0%| F|  |TAMS 0x0000000085200000| PB 0x0000000085200000| Untracked 
|  49|0x0000000085300000, 0x0000000085300000, 0x0000000085400000|  0%| F|  |TAMS 0x0000000085300000| PB 0x0000000085300000| Untracked 
|  50|0x0000000085400000, 0x0000000085400000, 0x0000000085500000|  0%| F|  |TAMS 0x0000000085400000| PB 0x0000000085400000| Untracked 
|  51|0x0000000085500000, 0x0000000085500000, 0x0000000085600000|  0%| F|  |TAMS 0x0000000085500000| PB 0x0000000085500000| Untracked 
|  52|0x0000000085600000, 0x0000000085600000, 0x0000000085700000|  0%| F|  |TAMS 0x0000000085600000| PB 0x0000000085600000| Untracked 
|  53|0x0000000085700000, 0x0000000085700000, 0x0000000085800000|  0%| F|  |TAMS 0x0000000085700000| PB 0x0000000085700000| Untracked 
|  54|0x0000000085800000, 0x0000000085800000, 0x0000000085900000|  0%| F|  |TAMS 0x0000000085800000| PB 0x0000000085800000| Untracked 
|  55|0x0000000085900000, 0x0000000085900000, 0x0000000085a00000|  0%| F|  |TAMS 0x0000000085900000| PB 0x0000000085900000| Untracked 
|  56|0x0000000085a00000, 0x0000000085a00000, 0x0000000085b00000|  0%| F|  |TAMS 0x0000000085a00000| PB 0x0000000085a00000| Untracked 
|  57|0x0000000085b00000, 0x0000000085b00000, 0x0000000085c00000|  0%| F|  |TAMS 0x0000000085b00000| PB 0x0000000085b00000| Untracked 
|  58|0x0000000085c00000, 0x0000000085c00000, 0x0000000085d00000|  0%| F|  |TAMS 0x0000000085c00000| PB 0x0000000085c00000| Untracked 
|  59|0x0000000085d00000, 0x0000000085d00000, 0x0000000085e00000|  0%| F|  |TAMS 0x0000000085d00000| PB 0x0000000085d00000| Untracked 
|  60|0x0000000085e00000, 0x0000000085e00000, 0x0000000085f00000|  0%| F|  |TAMS 0x0000000085e00000| PB 0x0000000085e00000| Untracked 
|  61|0x0000000085f00000, 0x0000000085f00000, 0x0000000086000000|  0%| F|  |TAMS 0x0000000085f00000| PB 0x0000000085f00000| Untracked 
|  62|0x0000000086000000, 0x0000000086000000, 0x0000000086100000|  0%| F|  |TAMS 0x0000000086000000| PB 0x0000000086000000| Untracked 
|  63|0x0000000086100000, 0x0000000086100000, 0x0000000086200000|  0%| F|  |TAMS 0x0000000086100000| PB 0x0000000086100000| Untracked 
|  64|0x0000000086200000, 0x0000000086200000, 0x0000000086300000|  0%| F|  |TAMS 0x0000000086200000| PB 0x0000000086200000| Untracked 
|  65|0x0000000086300000, 0x0000000086300000, 0x0000000086400000|  0%| F|  |TAMS 0x0000000086300000| PB 0x0000000086300000| Untracked 
|  66|0x0000000086400000, 0x0000000086400000, 0x0000000086500000|  0%| F|  |TAMS 0x0000000086400000| PB 0x0000000086400000| Untracked 
|  67|0x0000000086500000, 0x0000000086500000, 0x0000000086600000|  0%| F|  |TAMS 0x0000000086500000| PB 0x0000000086500000| Untracked 
|  68|0x0000000086600000, 0x0000000086600000, 0x0000000086700000|  0%| F|  |TAMS 0x0000000086600000| PB 0x0000000086600000| Untracked 
|  69|0x0000000086700000, 0x0000000086700000, 0x0000000086800000|  0%| F|  |TAMS 0x0000000086700000| PB 0x0000000086700000| Untracked 
|  70|0x0000000086800000, 0x0000000086800000, 0x0000000086900000|  0%| F|  |TAMS 0x0000000086800000| PB 0x0000000086800000| Untracked 
|  71|0x0000000086900000, 0x0000000086900000, 0x0000000086a00000|  0%| F|  |TAMS 0x0000000086900000| PB 0x0000000086900000| Untracked 
|  72|0x0000000086a00000, 0x0000000086a00000, 0x0000000086b00000|  0%| F|  |TAMS 0x0000000086a00000| PB 0x0000000086a00000| Untracked 
|  73|0x0000000086b00000, 0x0000000086b00000, 0x0000000086c00000|  0%| F|  |TAMS 0x0000000086b00000| PB 0x0000000086b00000| Untracked 
|  74|0x0000000086c00000, 0x0000000086c00000, 0x0000000086d00000|  0%| F|  |TAMS 0x0000000086c00000| PB 0x0000000086c00000| Untracked 
|  75|0x0000000086d00000, 0x0000000086d00000, 0x0000000086e00000|  0%| F|  |TAMS 0x0000000086d00000| PB 0x0000000086d00000| Untracked 
|  76|0x0000000086e00000, 0x0000000086e00000, 0x0000000086f00000|  0%| F|  |TAMS 0x0000000086e00000| PB 0x0000000086e00000| Untracked 
|  77|0x0000000086f00000, 0x0000000086f00000, 0x0000000087000000|  0%| F|  |TAMS 0x0000000086f00000| PB 0x0000000086f00000| Untracked 
|  78|0x0000000087000000, 0x0000000087000000, 0x0000000087100000|  0%| F|  |TAMS 0x0000000087000000| PB 0x0000000087000000| Untracked 
|  79|0x0000000087100000, 0x0000000087100000, 0x0000000087200000|  0%| F|  |TAMS 0x0000000087100000| PB 0x0000000087100000| Untracked 
|  80|0x0000000087200000, 0x0000000087200000, 0x0000000087300000|  0%| F|  |TAMS 0x0000000087200000| PB 0x0000000087200000| Untracked 
|  81|0x0000000087300000, 0x0000000087300000, 0x0000000087400000|  0%| F|  |TAMS 0x0000000087300000| PB 0x0000000087300000| Untracked 
|  82|0x0000000087400000, 0x0000000087400000, 0x0000000087500000|  0%| F|  |TAMS 0x0000000087400000| PB 0x0000000087400000| Untracked 
|  83|0x0000000087500000, 0x0000000087500000, 0x0000000087600000|  0%| F|  |TAMS 0x0000000087500000| PB 0x0000000087500000| Untracked 
|  84|0x0000000087600000, 0x0000000087600000, 0x0000000087700000|  0%| F|  |TAMS 0x0000000087600000| PB 0x0000000087600000| Untracked 
|  85|0x0000000087700000, 0x0000000087700000, 0x0000000087800000|  0%| F|  |TAMS 0x0000000087700000| PB 0x0000000087700000| Untracked 
|  86|0x0000000087800000, 0x0000000087800000, 0x0000000087900000|  0%| F|  |TAMS 0x0000000087800000| PB 0x0000000087800000| Untracked 
|  87|0x0000000087900000, 0x0000000087900000, 0x0000000087a00000|  0%| F|  |TAMS 0x0000000087900000| PB 0x0000000087900000| Untracked 
|  88|0x0000000087a00000, 0x0000000087a00000, 0x0000000087b00000|  0%| F|  |TAMS 0x0000000087a00000| PB 0x0000000087a00000| Untracked 
|  89|0x0000000087b00000, 0x0000000087b00000, 0x0000000087c00000|  0%| F|  |TAMS 0x0000000087b00000| PB 0x0000000087b00000| Untracked 
|  90|0x0000000087c00000, 0x0000000087c00000, 0x0000000087d00000|  0%| F|  |TAMS 0x0000000087c00000| PB 0x0000000087c00000| Untracked 
|  91|0x0000000087d00000, 0x0000000087d00000, 0x0000000087e00000|  0%| F|  |TAMS 0x0000000087d00000| PB 0x0000000087d00000| Untracked 
|  92|0x0000000087e00000, 0x0000000087e00000, 0x0000000087f00000|  0%| F|  |TAMS 0x0000000087e00000| PB 0x0000000087e00000| Untracked 
|  93|0x0000000087f00000, 0x0000000087f00000, 0x0000000088000000|  0%| F|  |TAMS 0x0000000087f00000| PB 0x0000000087f00000| Untracked 
|  94|0x0000000088000000, 0x0000000088000000, 0x0000000088100000|  0%| F|  |TAMS 0x0000000088000000| PB 0x0000000088000000| Untracked 
|  95|0x0000000088100000, 0x0000000088100000, 0x0000000088200000|  0%| F|  |TAMS 0x0000000088100000| PB 0x0000000088100000| Untracked 
|  96|0x0000000088200000, 0x0000000088200000, 0x0000000088300000|  0%| F|  |TAMS 0x0000000088200000| PB 0x0000000088200000| Untracked 
|  97|0x0000000088300000, 0x0000000088300000, 0x0000000088400000|  0%| F|  |TAMS 0x0000000088300000| PB 0x0000000088300000| Untracked 
|  98|0x0000000088400000, 0x0000000088400000, 0x0000000088500000|  0%| F|  |TAMS 0x0000000088400000| PB 0x0000000088400000| Untracked 
|  99|0x0000000088500000, 0x0000000088500000, 0x0000000088600000|  0%| F|  |TAMS 0x0000000088500000| PB 0x0000000088500000| Untracked 
| 100|0x0000000088600000, 0x0000000088600000, 0x0000000088700000|  0%| F|  |TAMS 0x0000000088600000| PB 0x0000000088600000| Untracked 
| 101|0x0000000088700000, 0x0000000088700000, 0x0000000088800000|  0%| F|  |TAMS 0x0000000088700000| PB 0x0000000088700000| Untracked 
| 102|0x0000000088800000, 0x0000000088800000, 0x0000000088900000|  0%| F|  |TAMS 0x0000000088800000| PB 0x0000000088800000| Untracked 
| 103|0x0000000088900000, 0x0000000088900000, 0x0000000088a00000|  0%| F|  |TAMS 0x0000000088900000| PB 0x0000000088900000| Untracked 
| 104|0x0000000088a00000, 0x0000000088a00000, 0x0000000088b00000|  0%| F|  |TAMS 0x0000000088a00000| PB 0x0000000088a00000| Untracked 
| 105|0x0000000088b00000, 0x0000000088b00000, 0x0000000088c00000|  0%| F|  |TAMS 0x0000000088b00000| PB 0x0000000088b00000| Untracked 
| 106|0x0000000088c00000, 0x0000000088c00000, 0x0000000088d00000|  0%| F|  |TAMS 0x0000000088c00000| PB 0x0000000088c00000| Untracked 
| 107|0x0000000088d00000, 0x0000000088d00000, 0x0000000088e00000|  0%| F|  |TAMS 0x0000000088d00000| PB 0x0000000088d00000| Untracked 
| 108|0x0000000088e00000, 0x0000000088e00000, 0x0000000088f00000|  0%| F|  |TAMS 0x0000000088e00000| PB 0x0000000088e00000| Untracked 
| 109|0x0000000088f00000, 0x0000000088f00000, 0x0000000089000000|  0%| F|  |TAMS 0x0000000088f00000| PB 0x0000000088f00000| Untracked 
| 110|0x0000000089000000, 0x0000000089000000, 0x0000000089100000|  0%| F|  |TAMS 0x0000000089000000| PB 0x0000000089000000| Untracked 
| 111|0x0000000089100000, 0x0000000089200000, 0x0000000089200000|100%| E|  |TAMS 0x0000000089100000| PB 0x0000000089100000| Complete 
| 112|0x0000000089200000, 0x00000000892ff198, 0x0000000089300000| 99%| E|  |TAMS 0x0000000089200000| PB 0x0000000089200000| Complete 
| 113|0x0000000089300000, 0x0000000089400000, 0x0000000089400000|100%| E|CS|TAMS 0x0000000089300000| PB 0x0000000089300000| Complete 
| 114|0x0000000089400000, 0x0000000089500000, 0x0000000089500000|100%| E|CS|TAMS 0x0000000089400000| PB 0x0000000089400000| Complete 
| 115|0x0000000089500000, 0x0000000089600000, 0x0000000089600000|100%| E|CS|TAMS 0x0000000089500000| PB 0x0000000089500000| Complete 
| 116|0x0000000089600000, 0x0000000089700000, 0x0000000089700000|100%| E|CS|TAMS 0x0000000089600000| PB 0x0000000089600000| Complete 
| 117|0x0000000089700000, 0x0000000089800000, 0x0000000089800000|100%| E|CS|TAMS 0x0000000089700000| PB 0x0000000089700000| Complete 
| 118|0x0000000089800000, 0x0000000089900000, 0x0000000089900000|100%| E|CS|TAMS 0x0000000089800000| PB 0x0000000089800000| Complete 
| 119|0x0000000089900000, 0x0000000089a00000, 0x0000000089a00000|100%| E|CS|TAMS 0x0000000089900000| PB 0x0000000089900000| Complete 
| 120|0x0000000089a00000, 0x0000000089b00000, 0x0000000089b00000|100%| E|CS|TAMS 0x0000000089a00000| PB 0x0000000089a00000| Complete 
| 121|0x0000000089b00000, 0x0000000089c00000, 0x0000000089c00000|100%| E|CS|TAMS 0x0000000089b00000| PB 0x0000000089b00000| Complete 
| 122|0x0000000089c00000, 0x0000000089d00000, 0x0000000089d00000|100%| E|CS|TAMS 0x0000000089c00000| PB 0x0000000089c00000| Complete 
| 123|0x0000000089d00000, 0x0000000089e00000, 0x0000000089e00000|100%| E|CS|TAMS 0x0000000089d00000| PB 0x0000000089d00000| Complete 
| 124|0x0000000089e00000, 0x0000000089f00000, 0x0000000089f00000|100%| E|CS|TAMS 0x0000000089e00000| PB 0x0000000089e00000| Complete 
| 125|0x0000000089f00000, 0x000000008a000000, 0x000000008a000000|100%| E|CS|TAMS 0x0000000089f00000| PB 0x0000000089f00000| Complete 

Card table byte_map: [0x000001f479c60000,0x000001f47a050000] _byte_map_base: 0x000001f47984f000

Marking Bits: (CMBitMap*) 0x000001f4777c2520
 Bits: [0x000001f47a050000, 0x000001f47bfc8000)

Polling page: 0x000001f477840000

Metaspace:

Usage:
  Non-class:      3.66 MB used.
      Class:    271.84 KB used.
       Both:      3.93 MB used.

Virtual space:
  Non-class space:       64.00 MB reserved,       3.81 MB (  6%) committed,  1 nodes.
      Class space:        1.00 GB reserved,     320.00 KB ( <1%) committed,  1 nodes.
             Both:        1.06 GB reserved,       4.12 MB ( <1%) committed. 

Chunk freelists:
   Non-Class:  10.30 MB
       Class:  15.64 MB
        Both:  25.94 MB

MaxMetaspaceSize: unlimited
CompressedClassSpaceSize: 1.00 GB
Initial GC threshold: 21.00 MB
Current GC threshold: 21.00 MB
CDS: on
 - commit_granule_bytes: 65536.
 - commit_granule_words: 8192.
 - virtual_space_node_default_size: 8388608.
 - enlarge_chunks_in_place: 1.
 - use_allocation_guard: 0.


Internal statistics:

num_allocs_failed_limit: 0.
num_arena_births: 102.
num_arena_deaths: 0.
num_vsnodes_births: 2.
num_vsnodes_deaths: 0.
num_space_committed: 64.
num_space_uncommitted: 0.
num_chunks_returned_to_freelist: 0.
num_chunks_taken_from_freelist: 183.
num_chunk_merges: 0.
num_chunk_splits: 120.
num_chunks_enlarged: 80.
num_inconsistent_stats: 0.

CodeHeap 'non-profiled nmethods': size=120000Kb used=336Kb max_used=336Kb free=119663Kb
 bounds [0x000001f40fe60000, 0x000001f4100d0000, 0x000001f417390000]
CodeHeap 'profiled nmethods': size=120000Kb used=1340Kb max_used=1340Kb free=118659Kb
 bounds [0x000001f408390000, 0x000001f408600000, 0x000001f40f8c0000]
CodeHeap 'non-nmethods': size=5760Kb used=2066Kb max_used=2080Kb free=3693Kb
 bounds [0x000001f40f8c0000, 0x000001f40fb30000, 0x000001f40fe60000]
 total_blobs=1979 nmethods=937 adapters=947
 compilation: enabled
              stopped_count=0, restarted_count=0
 full_count=0

Compilation events (20 events):
Event: 0.649 Thread 0x000001f47e860380  924       3       java.util.WeakHashMap::hash (28 bytes)
Event: 0.650 Thread 0x000001f47e860380 nmethod 924 0x000001f4084ddb10 code [0x000001f4084ddcc0, 0x000001f4084ddeb8]
Event: 0.650 Thread 0x000001f47e860380  925       3       java.util.WeakHashMap::getTable (9 bytes)
Event: 0.650 Thread 0x000001f47e860380 nmethod 925 0x000001f4084ddf90 code [0x000001f4084de140, 0x000001f4084de290]
Event: 0.654 Thread 0x000001f47e860380  927       3       org.lwjgl.glfw.GLFW::glfwWindowShouldClose (29 bytes)
Event: 0.654 Thread 0x000001f47e860380 nmethod 927 0x000001f4084de310 code [0x000001f4084de4e0, 0x000001f4084de7e0]
Event: 0.654 Thread 0x000001f47e860380  929       3       org.lwjgl.glfw.GLFW::glfwPollEvents (9 bytes)
Event: 0.654 Thread 0x000001f47e860380 nmethod 929 0x000001f4084de910 code [0x000001f4084deac0, 0x000001f4084debe0]
Event: 0.654 Thread 0x000001f47e860380  930       3       org.lwjgl.opengl.GL11::glClearColor (8 bytes)
Event: 0.654 Thread 0x000001f47e860380 nmethod 930 0x000001f4084dec90 code [0x000001f4084dee40, 0x000001f4084def58]
Event: 0.655 Thread 0x000001f47e860380  932       3       org.lwjgl.opengl.GL11::glClear (5 bytes)
Event: 0.655 Thread 0x000001f47e860380 nmethod 932 0x000001f4084df010 code [0x000001f4084df1c0, 0x000001f4084df2d8]
Event: 0.694 Thread 0x000001f47e85b8c0  934       4       org.lwjgl.glfw.GLFW::glfwWindowShouldClose (29 bytes)
Event: 0.694 Thread 0x000001f47e85b8c0 nmethod 934 0x000001f40feb3610 code [0x000001f40feb37a0, 0x000001f40feb3890]
Event: 0.694 Thread 0x000001f47e85b8c0  935       4       org.lwjgl.glfw.GLFW::glfwPollEvents (9 bytes)
Event: 0.694 Thread 0x000001f47e85b8c0 nmethod 935 0x000001f40feb3990 code [0x000001f40feb3b20, 0x000001f40feb3bc0]
Event: 0.696 Thread 0x000001f47e85b8c0  936       4       org.lwjgl.opengl.GL11::glClear (5 bytes)
Event: 0.696 Thread 0x000001f47e85b8c0 nmethod 936 0x000001f40feb3c90 code [0x000001f40feb3e20, 0x000001f40feb3eb0]
Event: 0.703 Thread 0x000001f47e85b8c0  937       4       org.lwjgl.opengl.GL11::glClearColor (8 bytes)
Event: 0.704 Thread 0x000001f47e85b8c0 nmethod 937 0x000001f40feb3f90 code [0x000001f40feb4120, 0x000001f40feb41b0]

GC Heap History (0 events):
No events

Dll operation events (11 events):
Event: 0.007 Loaded shared library C:\Program Files\Java\jdk-21\bin\java.dll
Event: 0.043 Loaded shared library C:\Program Files\Java\jdk-21\bin\jsvml.dll
Event: 0.069 Loaded shared library C:\Program Files\Java\jdk-21\bin\net.dll
Event: 0.070 Loaded shared library C:\Program Files\Java\jdk-21\bin\nio.dll
Event: 0.072 Loaded shared library C:\Program Files\Java\jdk-21\bin\zip.dll
Event: 0.149 Loaded shared library C:\Program Files\Java\jdk-21\bin\zip.dll
Event: 0.151 Loaded shared library C:\Program Files\Java\jdk-21\bin\instrument.dll
Event: 0.168 Loaded shared library C:\Program Files\JetBrains\IntelliJ IDEA Educational Edition 2022.2.2\bin\breakgen64.dll
Event: 0.203 Loaded shared library C:\Program Files\Java\jdk-21\bin\jimage.dll
Event: 0.221 Loaded shared library C:\Users\DuongMXH\AppData\Local\Temp\lwjgl_DuongMXH\3.3.3+5\x64\lwjgl.dll
Event: 0.403 Loaded shared library C:\Users\DuongMXH\AppData\Local\Temp\lwjgl_DuongMXH\3.3.3+5\x64\lwjgl_opengl.dll

Deoptimization events (20 events):
Event: 0.410 Thread 0x000001f4777677d0 DEOPT PACKING pc=0x000001f40849311a sp=0x0000005d611fdfa0
Event: 0.410 Thread 0x000001f4777677d0 DEOPT UNPACKING pc=0x000001f40f914e42 sp=0x0000005d611fd438 mode 0
Event: 0.410 Thread 0x000001f4777677d0 DEOPT PACKING pc=0x000001f408492fa9 sp=0x0000005d611fdfa0
Event: 0.410 Thread 0x000001f4777677d0 DEOPT UNPACKING pc=0x000001f40f914e42 sp=0x0000005d611fd438 mode 0
Event: 0.410 Thread 0x000001f4777677d0 DEOPT PACKING pc=0x000001f408492eca sp=0x0000005d611fdfa0
Event: 0.410 Thread 0x000001f4777677d0 DEOPT UNPACKING pc=0x000001f40f914e42 sp=0x0000005d611fd438 mode 0
Event: 0.410 Thread 0x000001f4777677d0 DEOPT PACKING pc=0x000001f408492eca sp=0x0000005d611fdfa0
Event: 0.410 Thread 0x000001f4777677d0 DEOPT UNPACKING pc=0x000001f40f914e42 sp=0x0000005d611fd438 mode 0
Event: 0.410 Thread 0x000001f4777677d0 DEOPT PACKING pc=0x000001f408492eca sp=0x0000005d611fdfa0
Event: 0.410 Thread 0x000001f4777677d0 DEOPT UNPACKING pc=0x000001f40f914e42 sp=0x0000005d611fd438 mode 0
Event: 0.410 Thread 0x000001f4777677d0 DEOPT PACKING pc=0x000001f408492eca sp=0x0000005d611fdfa0
Event: 0.410 Thread 0x000001f4777677d0 DEOPT UNPACKING pc=0x000001f40f914e42 sp=0x0000005d611fd438 mode 0
Event: 0.410 Thread 0x000001f4777677d0 DEOPT PACKING pc=0x000001f40849311a sp=0x0000005d611fdfa0
Event: 0.410 Thread 0x000001f4777677d0 DEOPT UNPACKING pc=0x000001f40f914e42 sp=0x0000005d611fd438 mode 0
Event: 0.411 Thread 0x000001f4777677d0 DEOPT PACKING pc=0x000001f408492fa9 sp=0x0000005d611fdfa0
Event: 0.411 Thread 0x000001f4777677d0 DEOPT UNPACKING pc=0x000001f40f914e42 sp=0x0000005d611fd438 mode 0
Event: 0.414 Thread 0x000001f4777677d0 Uncommon trap: trap_request=0xffffff54 fr.pc=0x000001f40feaed14 relative=0x0000000000000074
Event: 0.414 Thread 0x000001f4777677d0 Uncommon trap: reason=speculate_null_assert action=make_not_entrant pc=0x000001f40feaed14 method=sun.misc.Unsafe.putLong(Ljava/lang/Object;JJ)V @ 7 c2
Event: 0.414 Thread 0x000001f4777677d0 DEOPT PACKING pc=0x000001f40feaed14 sp=0x0000005d611fee00
Event: 0.414 Thread 0x000001f4777677d0 DEOPT UNPACKING pc=0x000001f40f9146a2 sp=0x0000005d611fed78 mode 2

Classes loaded (20 events):
Event: 0.262 Loading class java/nio/DirectDoubleBufferU
Event: 0.262 Loading class java/nio/DirectDoubleBufferU done
Event: 0.262 Loading class sun/misc/Unsafe
Event: 0.262 Loading class sun/misc/Unsafe done
Event: 0.263 Loading class java/lang/invoke/DirectMethodHandle$StaticAccessor
Event: 0.263 Loading class java/lang/invoke/DirectMethodHandle$StaticAccessor done
Event: 0.265 Loading class java/util/function/LongPredicate
Event: 0.265 Loading class java/util/function/LongPredicate done
Event: 0.267 Loading class java/lang/foreign/MemorySegment
Event: 0.267 Loading class java/lang/foreign/MemorySegment done
Event: 0.270 Loading class java/nio/InvalidMarkException
Event: 0.270 Loading class java/nio/InvalidMarkException done
Event: 0.270 Loading class java/nio/BufferUnderflowException
Event: 0.270 Loading class java/nio/BufferUnderflowException done
Event: 0.275 Loading class java/util/Formatter$FixedString
Event: 0.275 Loading class java/util/Formatter$FixedString done
Event: 0.286 Loading class java/lang/NoSuchFieldError
Event: 0.286 Loading class java/lang/NoSuchFieldError done
Event: 0.298 Loading class jdk/internal/reflect/MethodHandleIntegerFieldAccessorImpl
Event: 0.298 Loading class jdk/internal/reflect/MethodHandleIntegerFieldAccessorImpl done

Classes unloaded (0 events):
No events

Classes redefined (0 events):
No events

Internal exceptions (20 events):
Event: 0.266 Thread 0x000001f4777677d0 Exception <a 'java/lang/NoSuchMethodError'{0x00000000894eb870}: 'int java.lang.invoke.DirectMethodHandle$Holder.invokeStaticInit(java.lang.Object, java.lang.Object, int, long)'> (0x00000000894eb870) 
thrown [s\open\src\hotspot\share\interpreter\linkResolver.cpp, line 773]
Event: 0.266 Thread 0x000001f4777677d0 Exception <a 'java/lang/NoSuchMethodError'{0x00000000894f09f0}: 'java.lang.Object java.lang.invoke.DirectMethodHandle$Holder.newInvokeSpecial(java.lang.Object, java.lang.Object, int)'> (0x00000000894f09f0) 
thrown [s\open\src\hotspot\share\interpreter\linkResolver.cpp, line 773]
Event: 0.268 Thread 0x000001f4777677d0 Exception <a 'java/lang/NoSuchMethodError'{0x0000000089301b60}: 'int java.lang.invoke.DirectMethodHandle$Holder.invokeStaticInit(java.lang.Object, java.lang.Object, long, long)'> (0x0000000089301b60) 
thrown [s\open\src\hotspot\share\interpreter\linkResolver.cpp, line 773]
Event: 0.268 Thread 0x000001f4777677d0 Exception <a 'java/lang/NoSuchMethodError'{0x0000000089307040}: 'java.lang.Object java.lang.invoke.DirectMethodHandle$Holder.newInvokeSpecial(java.lang.Object, java.lang.Object, long)'> (0x0000000089307040) 
thrown [s\open\src\hotspot\share\interpreter\linkResolver.cpp, line 773]
Event: 0.269 Thread 0x000001f4777677d0 Exception <a 'java/lang/NoSuchMethodError'{0x000000008930a688}: 'java.lang.Object java.lang.invoke.Invokers$Holder.linkToTargetMethod(java.lang.Object, long, java.lang.Object)'> (0x000000008930a688) 
thrown [s\open\src\hotspot\share\interpreter\linkResolver.cpp, line 773]
Event: 0.269 Thread 0x000001f4777677d0 Exception <a 'java/lang/NoSuchMethodError'{0x00000000893115e0}: 'int java.lang.invoke.DirectMethodHandle$Holder.invokeStaticInit(java.lang.Object, java.lang.Object, java.lang.Object, long)'> (0x00000000893115e0) 
thrown [s\open\src\hotspot\share\interpreter\linkResolver.cpp, line 773]
Event: 0.282 Thread 0x000001f4777677d0 Exception <a 'sun/nio/fs/WindowsException'{0x00000000893d5420}> (0x00000000893d5420) 
thrown [s\open\src\hotspot\share\prims\jni.cpp, line 520]
Event: 0.286 Thread 0x000001f4777677d0 Exception <a 'sun/nio/fs/WindowsException'{0x00000000893e2648}> (0x00000000893e2648) 
thrown [s\open\src\hotspot\share\prims\jni.cpp, line 520]
Event: 0.286 Thread 0x000001f4777677d0 Exception <a 'sun/nio/fs/WindowsException'{0x00000000893e29d0}> (0x00000000893e29d0) 
thrown [s\open\src\hotspot\share\prims\jni.cpp, line 520]
Event: 0.289 Thread 0x000001f4777677d0 Exception <a 'sun/nio/fs/WindowsException'{0x00000000893fe358}> (0x00000000893fe358) 
thrown [s\open\src\hotspot\share\prims\jni.cpp, line 520]
Event: 0.298 Thread 0x000001f4777677d0 Exception <a 'java/lang/NoSuchMethodError'{0x0000000089207ac0}: 'int java.lang.invoke.Invokers$Holder.invokeExact_MT(java.lang.Object, java.lang.Object)'> (0x0000000089207ac0) 
thrown [s\open\src\hotspot\share\interpreter\linkResolver.cpp, line 773]
Event: 0.397 Thread 0x000001f4777677d0 Exception <a 'java/lang/NoSuchMethodError'{0x000000008926de60}: 'void java.lang.System.load(java.lang.String, java.lang.Class)'> (0x000000008926de60) 
thrown [s\open\src\hotspot\share\interpreter\linkResolver.cpp, line 773]
Event: 0.398 Thread 0x000001f4777677d0 Exception <a 'java/lang/NoSuchMethodError'{0x0000000089278a70}: 'void java.lang.System.loadLibrary(java.lang.String, java.lang.Class)'> (0x0000000089278a70) 
thrown [s\open\src\hotspot\share\interpreter\linkResolver.cpp, line 773]
Event: 0.398 Thread 0x000001f4777677d0 Exception <a 'sun/nio/fs/WindowsException'{0x000000008927b5f8}> (0x000000008927b5f8) 
thrown [s\open\src\hotspot\share\prims\jni.cpp, line 520]
Event: 0.402 Thread 0x000001f4777677d0 Exception <a 'sun/nio/fs/WindowsException'{0x0000000089288310}> (0x0000000089288310) 
thrown [s\open\src\hotspot\share\prims\jni.cpp, line 520]
Event: 0.402 Thread 0x000001f4777677d0 Exception <a 'sun/nio/fs/WindowsException'{0x00000000892886d0}> (0x00000000892886d0) 
thrown [s\open\src\hotspot\share\prims\jni.cpp, line 520]
Event: 0.403 Thread 0x000001f4777677d0 Exception <a 'sun/nio/fs/WindowsException'{0x000000008928a740}> (0x000000008928a740) 
thrown [s\open\src\hotspot\share\prims\jni.cpp, line 520]
Event: 0.412 Thread 0x000001f4777677d0 Exception <a 'sun/nio/fs/WindowsException'{0x0000000089294020}> (0x0000000089294020) 
thrown [s\open\src\hotspot\share\prims\jni.cpp, line 520]
Event: 0.412 Thread 0x000001f4777677d0 Exception <a 'sun/nio/fs/WindowsException'{0x00000000892953c8}> (0x00000000892953c8) 
thrown [s\open\src\hotspot\share\prims\jni.cpp, line 520]
Event: 0.412 Thread 0x000001f4777677d0 Exception <a 'sun/nio/fs/WindowsException'{0x00000000892956c8}> (0x00000000892956c8) 
thrown [s\open\src\hotspot\share\prims\jni.cpp, line 520]

ZGC Phase Switch (0 events):
No events

VM Operations (8 events):
Event: 0.100 Executing VM operation: HandshakeAllThreads (Deoptimize)
Event: 0.100 Executing VM operation: HandshakeAllThreads (Deoptimize) done
Event: 0.101 Executing VM operation: HandshakeAllThreads (Deoptimize)
Event: 0.101 Executing VM operation: HandshakeAllThreads (Deoptimize) done
Event: 0.141 Executing VM operation: HandshakeAllThreads (Deoptimize)
Event: 0.141 Executing VM operation: HandshakeAllThreads (Deoptimize) done
Event: 0.214 Executing VM operation: HandshakeAllThreads (Deoptimize)
Event: 0.214 Executing VM operation: HandshakeAllThreads (Deoptimize) done

Events (14 events):
Event: 0.024 Thread 0x000001f4777677d0 Thread added: 0x000001f4777677d0
Event: 0.040 Thread 0x000001f47e8542d0 Thread added: 0x000001f47e8542d0
Event: 0.040 Thread 0x000001f47e8560a0 Thread added: 0x000001f47e8560a0
Event: 0.040 Thread 0x000001f47e858c10 Thread added: 0x000001f47e858c10
Event: 0.040 Thread 0x000001f47e859670 Thread added: 0x000001f47e859670
Event: 0.040 Thread 0x000001f47e85a0d0 Thread added: 0x000001f47e85a0d0
Event: 0.040 Thread 0x000001f47e85ab30 Thread added: 0x000001f47e85ab30
Event: 0.040 Thread 0x000001f47e85b8c0 Thread added: 0x000001f47e85b8c0
Event: 0.040 Thread 0x000001f47e860380 Thread added: 0x000001f47e860380
Event: 0.065 Thread 0x000001f417518580 Thread added: 0x000001f417518580
Event: 0.095 Thread 0x000001f4175bab20 Thread added: 0x000001f4175bab20
Event: 0.168 Thread 0x000001f4175bd1f0 Thread added: 0x000001f4175bd1f0
Event: 0.168 Thread 0x000001f45d1554d0 Thread added: 0x000001f45d1554d0
Event: 0.530 Thread 0x000001f4175bab20 Thread exited: 0x000001f4175bab20


Dynamic libraries:
0x00007ff738eb0000 - 0x00007ff738ec0000 	C:\Program Files\Java\jdk-21\bin\java.exe
0x00007ffdc87d0000 - 0x00007ffdc89c8000 	C:\Windows\SYSTEM32\ntdll.dll
0x00007ffdc7160000 - 0x00007ffdc721d000 	C:\Windows\System32\KERNEL32.DLL
0x00007ffdc6400000 - 0x00007ffdc66f6000 	C:\Windows\System32\KERNELBASE.dll
0x00007ffdc6730000 - 0x00007ffdc6830000 	C:\Windows\System32\ucrtbase.dll
0x00007ffdb0ce0000 - 0x00007ffdb0cf9000 	C:\Program Files\Java\jdk-21\bin\jli.dll
0x00007ffda56e0000 - 0x00007ffda56fb000 	C:\Program Files\Java\jdk-21\bin\VCRUNTIME140.dll
0x00007ffdc7540000 - 0x00007ffdc75ef000 	C:\Windows\System32\ADVAPI32.dll
0x00007ffdc84b0000 - 0x00007ffdc854e000 	C:\Windows\System32\msvcrt.dll
0x00007ffdc8600000 - 0x00007ffdc869c000 	C:\Windows\System32\sechost.dll
0x00007ffdc6c00000 - 0x00007ffdc6d26000 	C:\Windows\System32\RPCRT4.dll
0x00007ffdc72f0000 - 0x00007ffdc748e000 	C:\Windows\System32\USER32.dll
0x00007ffdc6700000 - 0x00007ffdc6722000 	C:\Windows\System32\win32u.dll
0x00007ffdc7060000 - 0x00007ffdc708c000 	C:\Windows\System32\GDI32.dll
0x00007ffdc60b0000 - 0x00007ffdc61ca000 	C:\Windows\System32\gdi32full.dll
0x00007ffdc61d0000 - 0x00007ffdc626d000 	C:\Windows\System32\msvcp_win.dll
0x00007ffdb17f0000 - 0x00007ffdb1a8a000 	C:\Windows\WinSxS\amd64_microsoft.windows.common-controls_6595b64144ccf1df_6.0.19041.3636_none_60b6a03d71f818d5\COMCTL32.dll
0x00007ffdc0bb0000 - 0x00007ffdc0bba000 	C:\Windows\SYSTEM32\VERSION.dll
0x00007ffdc7510000 - 0x00007ffdc7540000 	C:\Windows\System32\IMM32.DLL
0x00007ffdb4580000 - 0x00007ffdb458c000 	C:\Program Files\Java\jdk-21\bin\vcruntime140_1.dll
0x00007ffd9f6e0000 - 0x00007ffd9f76e000 	C:\Program Files\Java\jdk-21\bin\msvcp140.dll
0x00007ffd89f10000 - 0x00007ffd8ac25000 	C:\Program Files\Java\jdk-21\bin\server\jvm.dll
0x00007ffdc7220000 - 0x00007ffdc728b000 	C:\Windows\System32\WS2_32.dll
0x00007ffdc5c60000 - 0x00007ffdc5cab000 	C:\Windows\SYSTEM32\POWRPROF.dll
0x00007ffda0d90000 - 0x00007ffda0db7000 	C:\Windows\SYSTEM32\WINMM.dll
0x00007ffdc5bd0000 - 0x00007ffdc5be2000 	C:\Windows\SYSTEM32\UMPDC.dll
0x00007ffdc3d90000 - 0x00007ffdc3da2000 	C:\Windows\SYSTEM32\kernel.appcore.dll
0x00007ffdaec40000 - 0x00007ffdaec4a000 	C:\Program Files\Java\jdk-21\bin\jimage.dll
0x00007ffdaa6c0000 - 0x00007ffdaa8a4000 	C:\Windows\SYSTEM32\DBGHELP.DLL
0x00007ffda9b30000 - 0x00007ffda9b64000 	C:\Windows\SYSTEM32\dbgcore.DLL
0x00007ffdc5f60000 - 0x00007ffdc5fe2000 	C:\Windows\System32\bcryptPrimitives.dll
0x00007ffdc1b50000 - 0x00007ffdc1b5f000 	C:\Program Files\Java\jdk-21\bin\instrument.dll
0x00007ffda56c0000 - 0x00007ffda56df000 	C:\Program Files\Java\jdk-21\bin\java.dll
0x00007ffdc75f0000 - 0x00007ffdc7d35000 	C:\Windows\System32\SHELL32.dll
0x00007ffdc3f90000 - 0x00007ffdc472b000 	C:\Windows\SYSTEM32\windows.storage.dll
0x00007ffdc6840000 - 0x00007ffdc6b94000 	C:\Windows\System32\combase.dll
0x00007ffdc5820000 - 0x00007ffdc584d000 	C:\Windows\SYSTEM32\Wldp.dll
0x00007ffdc83e0000 - 0x00007ffdc848d000 	C:\Windows\System32\SHCORE.dll
0x00007ffdc86a0000 - 0x00007ffdc86f5000 	C:\Windows\System32\shlwapi.dll
0x00007ffdc5de0000 - 0x00007ffdc5e05000 	C:\Windows\SYSTEM32\profapi.dll
0x00007ffd95720000 - 0x00007ffd957f7000 	C:\Program Files\Java\jdk-21\bin\jsvml.dll
0x00007ffdaea90000 - 0x00007ffdaeaa0000 	C:\Program Files\Java\jdk-21\bin\net.dll
0x00007ffdbf1f0000 - 0x00007ffdbf2fa000 	C:\Windows\SYSTEM32\WINHTTP.dll
0x00007ffdc5580000 - 0x00007ffdc55ea000 	C:\Windows\system32\mswsock.dll
0x00007ffda56a0000 - 0x00007ffda56b6000 	C:\Program Files\Java\jdk-21\bin\nio.dll
0x00007ffda53e0000 - 0x00007ffda53f8000 	C:\Program Files\Java\jdk-21\bin\zip.dll
0x00007ffdb0d10000 - 0x00007ffdb0d2a000 	C:\Program Files\JetBrains\IntelliJ IDEA Educational Edition 2022.2.2\bin\breakgen64.dll
0x00007ffd956a0000 - 0x00007ffd9571b000 	C:\Users\DuongMXH\AppData\Local\Temp\lwjgl_DuongMXH\3.3.3+5\x64\lwjgl.dll
0x00007ffd95610000 - 0x00007ffd95692000 	C:\Users\DuongMXH\AppData\Local\Temp\lwjgl_DuongMXH\3.3.3+5\x64\glfw.dll
0x00007ffd9f840000 - 0x00007ffd9f885000 	C:\Windows\SYSTEM32\dinput8.dll
0x00007ffdb4750000 - 0x00007ffdb4761000 	C:\Windows\SYSTEM32\xinput1_4.dll
0x00007ffdc5ff0000 - 0x00007ffdc603e000 	C:\Windows\System32\cfgmgr32.dll
0x00007ffdc5bf0000 - 0x00007ffdc5c23000 	C:\Windows\SYSTEM32\DEVOBJ.dll
0x00007ffdc3b80000 - 0x00007ffdc3baf000 	C:\Windows\SYSTEM32\dwmapi.dll
0x00007ffd9fef0000 - 0x00007ffda0042000 	C:\Windows\SYSTEM32\inputhost.dll
0x00007ffdc7090000 - 0x00007ffdc715d000 	C:\Windows\System32\OLEAUT32.dll
0x00007ffdc33c0000 - 0x00007ffdc34b2000 	C:\Windows\SYSTEM32\CoreMessaging.dll
0x00007ffdc16e0000 - 0x00007ffdc17d6000 	C:\Windows\SYSTEM32\PROPSYS.dll
0x00007ffdc1d00000 - 0x00007ffdc1e55000 	C:\Windows\SYSTEM32\wintypes.dll
0x00007ffdc3060000 - 0x00007ffdc33bb000 	C:\Windows\SYSTEM32\CoreUIComponents.dll
0x00007ffdc4ff0000 - 0x00007ffdc5023000 	C:\Windows\SYSTEM32\ntmarta.dll
0x00007ffdc38c0000 - 0x00007ffdc395e000 	C:\Windows\system32\uxtheme.dll
0x00007ffdc6e10000 - 0x00007ffdc6f24000 	C:\Windows\System32\MSCTF.dll
0x00007ffd9f0c0000 - 0x00007ffd9f1e5000 	C:\Windows\SYSTEM32\opengl32.dll
0x00007ffda0e70000 - 0x00007ffda0e9c000 	C:\Windows\SYSTEM32\GLU32.dll
0x00007ffdc8550000 - 0x00007ffdc85f9000 	C:\Windows\System32\clbcatq.dll
0x00007ffd832c0000 - 0x00007ffd841c9000 	C:\Windows\System32\DriverStore\FileRepository\iigd_dch.inf_amd64_518f2921ba495409\ig9icd64.dll
0x00007ffdc6f30000 - 0x00007ffdc705b000 	C:\Windows\System32\OLE32.DLL
0x00007ffdc4770000 - 0x00007ffdc4863000 	C:\Windows\system32\dxgi.dll
0x00007ffdc0d90000 - 0x00007ffdc0dcb000 	C:\Windows\SYSTEM32\dxcore.dll
0x00007ffdb9cc0000 - 0x00007ffdbc0bc000 	C:\Windows\System32\DriverStore\FileRepository\iigd_dch.inf_amd64_518f2921ba495409\igc64.dll
0x00007ffdbc0c0000 - 0x00007ffdbc260000 	C:\Windows\System32\DriverStore\FileRepository\iigd_dch.inf_amd64_518f2921ba495409\igdgmm64.dll
0x00007ffda5780000 - 0x00007ffda5879000 	C:\Windows\SYSTEM32\textinputframework.dll
0x00007ffd95b20000 - 0x00007ffd95b7e000 	C:\Users\DuongMXH\AppData\Local\Temp\lwjgl_DuongMXH\3.3.3+5\x64\lwjgl_opengl.dll

dbghelp: loaded successfully - version: 4.0.5 - missing functions: none
symbol engine: initialized successfully - sym options: 0x614 - pdb path: .;C:\Program Files\Java\jdk-21\bin;C:\Windows\SYSTEM32;C:\Windows\WinSxS\amd64_microsoft.windows.common-controls_6595b64144ccf1df_6.0.19041.3636_none_60b6a03d71f818d5;C:\Program Files\Java\jdk-21\bin\server;C:\Program Files\JetBrains\IntelliJ IDEA Educational Edition 2022.2.2\bin;C:\Users\DuongMXH\AppData\Local\Temp\lwjgl_DuongMXH\3.3.3+5\x64;C:\Windows\System32\DriverStore\FileRepository\iigd_dch.inf_amd64_518f2921ba495409

VM Arguments:
jvm_args: -javaagent:C:\Program Files\JetBrains\IntelliJ IDEA Educational Edition 2022.2.2\lib\idea_rt.jar=57296:C:\Program Files\JetBrains\IntelliJ IDEA Educational Edition 2022.2.2\bin -Dfile.encoding=UTF-8 -Dsun.stdout.encoding=UTF-8 -Dsun.stderr.encoding=UTF-8 --module-path=C:\Users\DuongMXH\.m2\repository\org\openjfx\javafx-fxml\17.0.2\javafx-fxml-17.0.2-win.jar;C:\Users\DuongMXH\.m2\repository\org\openjfx\javafx-controls\17.0.2\javafx-controls-17.0.2-win.jar;C:\Users\DuongMXH\.m2\repository\org\lwjgl\lwjgl-glfw\3.3.3\lwjgl-glfw-3.3.3.jar;C:\Users\DuongMXH\Desktop\game\mygame\target\classes;C:\Users\DuongMXH\.m2\repository\org\lwjgl\lwjgl-opengl\3.3.3\lwjgl-opengl-3.3.3.jar;C:\Users\DuongMXH\.m2\repository\org\lwjgl\lwjgl\3.3.3\lwjgl-3.3.3.jar;C:\Users\DuongMXH\.m2\repository\org\openjfx\javafx-graphics\17.0.2\javafx-graphics-17.0.2-win.jar;C:\Users\DuongMXH\.m2\repository\org\openjfx\javafx-base\17.0.2\javafx-base-17.0.2-win.jar -Djdk.module.main=com.mygame 
java_command: com.mygame/com.mygame.Main
java_class_path (initial): C:\Users\DuongMXH\.m2\repository\org\lwjgl\lwjgl-assimp\3.3.3\lwjgl-assimp-3.3.3.jar;C:\Users\DuongMXH\.m2\repository\org\lwjgl\lwjgl-nfd\3.3.3\lwjgl-nfd-3.3.3.jar;C:\Users\DuongMXH\.m2\repository\org\lwjgl\lwjgl-openal\3.3.3\lwjgl-openal-3.3.3.jar;C:\Users\DuongMXH\.m2\repository\org\lwjgl\lwjgl-stb\3.3.3\lwjgl-stb-3.3.3.jar;C:\Users\DuongMXH\.m2\repository\org\lwjgl\lwjgl\3.3.3\lwjgl-3.3.3-natives-windows.jar;C:\Users\DuongMXH\.m2\repository\org\lwjgl\lwjgl-assimp\3.3.3\lwjgl-assimp-3.3.3-natives-windows.jar;C:\Users\DuongMXH\.m2\repository\org\lwjgl\lwjgl-glfw\3.3.3\lwjgl-glfw-3.3.3-natives-windows.jar;C:\Users\DuongMXH\.m2\repository\org\lwjgl\lwjgl-nfd\3.3.3\lwjgl-nfd-3.3.3-natives-windows.jar;C:\Users\DuongMXH\.m2\repository\org\lwjgl\lwjgl-openal\3.3.3\lwjgl-openal-3.3.3-natives-windows.jar;C:\Users\DuongMXH\.m2\repository\org\lwjgl\lwjgl-opengl\3.3.3\lwjgl-opengl-3.3.3-natives-windows.jar;C:\Users\DuongMXH\.m2\repository\org\lwjgl\lwjgl-stb\3.3.3\lwjgl-stb-3.3.3-natives-windows.jar;C:\Users\DuongMXH\.m2\repository\org\joml\joml\1.10.5\joml-1.10.5.jar;C:\Users\DuongMXH\.m2\repository\org\openjfx\javafx-controls\17.0.2\javafx-controls-17.0.2.jar;C:\Users\DuongMXH\.m2\repository\org\openjfx\javafx-graphics\17.0.2\javafx-graphics-17.0.2.jar;C:\Users\DuongMXH\.m2\repository\org\openjfx\javafx-base\17.0.2\javafx-base-17.0.2.jar;C:\Users\DuongMXH\.m2\repository\org\openjfx\javafx-fxml\17.0.2\javafx-fxml-17.0.2.jar
Launcher Type: SUN_STANDARD

[Global flags]
     intx CICompilerCount                          = 3                                         {product} {ergonomic}
     uint ConcGCThreads                            = 2                                         {product} {ergonomic}
     uint G1ConcRefinementThreads                  = 6                                         {product} {ergonomic}
   size_t G1HeapRegionSize                         = 1048576                                   {product} {ergonomic}
    uintx GCDrainStackTargetSize                   = 64                                        {product} {ergonomic}
   size_t InitialHeapSize                          = 132120576                                 {product} {ergonomic}
   size_t MarkStackSize                            = 4194304                                   {product} {ergonomic}
   size_t MaxHeapSize                              = 2111832064                                {product} {ergonomic}
   size_t MaxNewSize                               = 1266679808                                {product} {ergonomic}
   size_t MinHeapDeltaBytes                        = 1048576                                   {product} {ergonomic}
   size_t MinHeapSize                              = 8388608                                   {product} {ergonomic}
    uintx NonNMethodCodeHeapSize                   = 5832780                                {pd product} {ergonomic}
    uintx NonProfiledCodeHeapSize                  = 122912730                              {pd product} {ergonomic}
    uintx ProfiledCodeHeapSize                     = 122912730                              {pd product} {ergonomic}
    uintx ReservedCodeCacheSize                    = 251658240                              {pd product} {ergonomic}
     bool SegmentedCodeCache                       = true                                      {product} {ergonomic}
   size_t SoftMaxHeapSize                          = 2111832064                             {manageable} {ergonomic}
     bool UseCompressedOops                        = true                           {product lp64_product} {ergonomic}
     bool UseG1GC                                  = true                                      {product} {ergonomic}
     bool UseLargePagesIndividualAllocation        = false                                  {pd product} {ergonomic}

Logging:
Log output configuration:
 #0: stdout all=warning uptime,level,tags foldmultilines=false
 #1: stderr all=off uptime,level,tags foldmultilines=false

Environment Variables:
PATH=C:\Program Files\Common Files\Oracle\Java\javapath;C:\Program Files (x86)\Common Files\Oracle\Java\javapath;C:\Python312\Scripts\;C:\Python312\;C:\Windows\system32;C:\Windows;C:\Windows\System32\Wbem;C:\Windows\System32\WindowsPowerShell\v1.0\;C:\Windows\System32\OpenSSH\;C:\Program Files\TortoiseSVN\bin;C:\Program Files\Git\cmd;C:\ProgramData\chocolatey\bin;C:\Program Files\nodejs\;C:\MinGW\bin;C:\Program Files\Java\jdk-21\bin;C:\Users\DuongMXH\AppData\Local\Microsoft\WindowsApps;;C:\Users\DuongMXH\AppData\Local\Programs\Microsoft VS Code\bin;C:\Users\DuongMXH\AppData\Roaming\npm;C:\Users\DuongMXH\AppData\Local\JetBrains\IntelliJ IDEA 2023.3.2\bin;
USERNAME=DuongMXH
OS=Windows_NT
PROCESSOR_IDENTIFIER=Intel64 Family 6 Model 158 Stepping 10, GenuineIntel
TMP=C:\Users\DuongMXH\AppData\Local\Temp
TEMP=C:\Users\DuongMXH\AppData\Local\Temp




Periodic native trim disabled

---------------  S Y S T E M  ---------------

OS:
 Windows 10 , 64 bit Build 19041 (10.0.19041.3636)
OS uptime: 0 days 8:56 hours

CPU: total 6 (initial active 6) (6 cores per cpu, 1 threads per core) family 6 model 158 stepping 10 microcode 0xb4, cx8, cmov, fxsr, mmx, 3dnowpref, sse, sse2, sse3, ssse3, sse4.1, sse4.2, popcnt, lzcnt, tsc, tscinvbit, avx, avx2, aes, erms, clmul, bmi1, bmi2, adx, fma, vzeroupper, clflush, clflushopt, rdtscp, f16c
Processor Information for all 6 processors :
  Max Mhz: 2808, Current Mhz: 2808, Mhz Limit: 2808

Memory: 4k page, system-wide physical 8053M (1189M free)
TotalPageFile size 15296M (AvailPageFile size 2546M)
current process WorkingSet (physical memory assigned to process): 117M, peak: 117M
current process commit charge ("private bytes"): 223M, peak: 223M

vm_info: Java HotSpot(TM) 64-Bit Server VM (21.0.1+12-LTS-29) for windows-amd64 JRE (21.0.1+12-LTS-29), built on 2023-10-05T13:27:09Z by "mach5one" with MS VC++ 17.1 (VS2022)

END.
